{"code":"MODULE_NOT_FOUND","level":"error","message":"Uncaught Exception: Cannot find module 'express'\nRequire stack:\n- D:\\MyDesktop\\E-commerce_Dashboard\\backend\\app.js\n- D:\\MyDesktop\\E-commerce_Dashboard\\backend\\server.js Cannot find module 'express'\nRequire stack:\n- D:\\MyDesktop\\E-commerce_Dashboard\\backend\\app.js\n- D:\\MyDesktop\\E-commerce_Dashboard\\backend\\server.js","requireStack":["D:\\MyDesktop\\E-commerce_Dashboard\\backend\\app.js","D:\\MyDesktop\\E-commerce_Dashboard\\backend\\server.js"],"stack":"Error: Cannot find module 'express'\nRequire stack:\n- D:\\MyDesktop\\E-commerce_Dashboard\\backend\\app.js\n- D:\\MyDesktop\\E-commerce_Dashboard\\backend\\server.js\n    at Function._resolveFilename (node:internal/modules/cjs/loader:1401:15)\n    at defaultResolveImpl (node:internal/modules/cjs/loader:1057:19)\n    at resolveForCJSWithHooks (node:internal/modules/cjs/loader:1062:22)\n    at Function._load (node:internal/modules/cjs/loader:1211:37)\n    at TracingChannel.traceSync (node:diagnostics_channel:322:14)\n    at wrapModuleLoad (node:internal/modules/cjs/loader:235:24)\n    at Module.require (node:internal/modules/cjs/loader:1487:12)\n    at require (node:internal/modules/helpers:135:16)\n    at Object.<anonymous> (D:\\MyDesktop\\E-commerce_Dashboard\\backend\\app.js:2:17)\n    at Module._compile (node:internal/modules/cjs/loader:1730:14)","timestamp":"2025-09-08 17:42:02"}
{"level":"error","message":"UNCAUGHT EXCEPTION! ðŸ’¥ Shutting down...","timestamp":"2025-09-08 17:42:02"}
{"level":"error","message":"Name: Error, Message: Cannot find module 'express'\nRequire stack:\n- D:\\MyDesktop\\E-commerce_Dashboard\\backend\\app.js\n- D:\\MyDesktop\\E-commerce_Dashboard\\backend\\server.js","timestamp":"2025-09-08 17:42:02"}
{"level":"error","message":"Error: Cannot find module 'express'\nRequire stack:\n- D:\\MyDesktop\\E-commerce_Dashboard\\backend\\app.js\n- D:\\MyDesktop\\E-commerce_Dashboard\\backend\\server.js\n    at Function._resolveFilename (node:internal/modules/cjs/loader:1401:15)\n    at defaultResolveImpl (node:internal/modules/cjs/loader:1057:19)\n    at resolveForCJSWithHooks (node:internal/modules/cjs/loader:1062:22)\n    at Function._load (node:internal/modules/cjs/loader:1211:37)\n    at TracingChannel.traceSync (node:diagnostics_channel:322:14)\n    at wrapModuleLoad (node:internal/modules/cjs/loader:235:24)\n    at Module.require (node:internal/modules/cjs/loader:1487:12)\n    at require (node:internal/modules/helpers:135:16)\n    at Object.<anonymous> (D:\\MyDesktop\\E-commerce_Dashboard\\backend\\app.js:2:17)\n    at Module._compile (node:internal/modules/cjs/loader:1730:14)","timestamp":"2025-09-08 17:42:02"}
{"code":"MODULE_NOT_FOUND","level":"error","message":"Uncaught Exception: Cannot find module 'morgan'\nRequire stack:\n- D:\\MyDesktop\\E-commerce_Dashboard\\backend\\app.js\n- D:\\MyDesktop\\E-commerce_Dashboard\\backend\\server.js Cannot find module 'morgan'\nRequire stack:\n- D:\\MyDesktop\\E-commerce_Dashboard\\backend\\app.js\n- D:\\MyDesktop\\E-commerce_Dashboard\\backend\\server.js","requireStack":["D:\\MyDesktop\\E-commerce_Dashboard\\backend\\app.js","D:\\MyDesktop\\E-commerce_Dashboard\\backend\\server.js"],"stack":"Error: Cannot find module 'morgan'\nRequire stack:\n- D:\\MyDesktop\\E-commerce_Dashboard\\backend\\app.js\n- D:\\MyDesktop\\E-commerce_Dashboard\\backend\\server.js\n    at Function._resolveFilename (node:internal/modules/cjs/loader:1401:15)\n    at defaultResolveImpl (node:internal/modules/cjs/loader:1057:19)\n    at resolveForCJSWithHooks (node:internal/modules/cjs/loader:1062:22)\n    at Function._load (node:internal/modules/cjs/loader:1211:37)\n    at TracingChannel.traceSync (node:diagnostics_channel:322:14)\n    at wrapModuleLoad (node:internal/modules/cjs/loader:235:24)\n    at Module.require (node:internal/modules/cjs/loader:1487:12)\n    at require (node:internal/modules/helpers:135:16)\n    at Object.<anonymous> (D:\\MyDesktop\\E-commerce_Dashboard\\backend\\app.js:3:16)\n    at Module._compile (node:internal/modules/cjs/loader:1730:14)","timestamp":"2025-09-08 17:44:37"}
{"level":"error","message":"UNCAUGHT EXCEPTION! ðŸ’¥ Shutting down...","timestamp":"2025-09-08 17:44:37"}
{"level":"error","message":"Name: Error, Message: Cannot find module 'morgan'\nRequire stack:\n- D:\\MyDesktop\\E-commerce_Dashboard\\backend\\app.js\n- D:\\MyDesktop\\E-commerce_Dashboard\\backend\\server.js","timestamp":"2025-09-08 17:44:37"}
{"level":"error","message":"Error: Cannot find module 'morgan'\nRequire stack:\n- D:\\MyDesktop\\E-commerce_Dashboard\\backend\\app.js\n- D:\\MyDesktop\\E-commerce_Dashboard\\backend\\server.js\n    at Function._resolveFilename (node:internal/modules/cjs/loader:1401:15)\n    at defaultResolveImpl (node:internal/modules/cjs/loader:1057:19)\n    at resolveForCJSWithHooks (node:internal/modules/cjs/loader:1062:22)\n    at Function._load (node:internal/modules/cjs/loader:1211:37)\n    at TracingChannel.traceSync (node:diagnostics_channel:322:14)\n    at wrapModuleLoad (node:internal/modules/cjs/loader:235:24)\n    at Module.require (node:internal/modules/cjs/loader:1487:12)\n    at require (node:internal/modules/helpers:135:16)\n    at Object.<anonymous> (D:\\MyDesktop\\E-commerce_Dashboard\\backend\\app.js:3:16)\n    at Module._compile (node:internal/modules/cjs/loader:1730:14)","timestamp":"2025-09-08 17:44:37"}
{"code":"MODULE_NOT_FOUND","level":"error","message":"Uncaught Exception: Cannot find module 'morgan'\nRequire stack:\n- D:\\MyDesktop\\E-commerce_Dashboard\\backend\\app.js\n- D:\\MyDesktop\\E-commerce_Dashboard\\backend\\server.js Cannot find module 'morgan'\nRequire stack:\n- D:\\MyDesktop\\E-commerce_Dashboard\\backend\\app.js\n- D:\\MyDesktop\\E-commerce_Dashboard\\backend\\server.js","requireStack":["D:\\MyDesktop\\E-commerce_Dashboard\\backend\\app.js","D:\\MyDesktop\\E-commerce_Dashboard\\backend\\server.js"],"stack":"Error: Cannot find module 'morgan'\nRequire stack:\n- D:\\MyDesktop\\E-commerce_Dashboard\\backend\\app.js\n- D:\\MyDesktop\\E-commerce_Dashboard\\backend\\server.js\n    at Function._resolveFilename (node:internal/modules/cjs/loader:1401:15)\n    at defaultResolveImpl (node:internal/modules/cjs/loader:1057:19)\n    at resolveForCJSWithHooks (node:internal/modules/cjs/loader:1062:22)\n    at Function._load (node:internal/modules/cjs/loader:1211:37)\n    at TracingChannel.traceSync (node:diagnostics_channel:322:14)\n    at wrapModuleLoad (node:internal/modules/cjs/loader:235:24)\n    at Module.require (node:internal/modules/cjs/loader:1487:12)\n    at require (node:internal/modules/helpers:135:16)\n    at Object.<anonymous> (D:\\MyDesktop\\E-commerce_Dashboard\\backend\\app.js:3:16)\n    at Module._compile (node:internal/modules/cjs/loader:1730:14)","timestamp":"2025-09-08 17:47:51"}
{"level":"error","message":"UNCAUGHT EXCEPTION! ðŸ’¥ Shutting down...","timestamp":"2025-09-08 17:47:51"}
{"level":"error","message":"Name: Error, Message: Cannot find module 'morgan'\nRequire stack:\n- D:\\MyDesktop\\E-commerce_Dashboard\\backend\\app.js\n- D:\\MyDesktop\\E-commerce_Dashboard\\backend\\server.js","timestamp":"2025-09-08 17:47:51"}
{"level":"error","message":"Error: Cannot find module 'morgan'\nRequire stack:\n- D:\\MyDesktop\\E-commerce_Dashboard\\backend\\app.js\n- D:\\MyDesktop\\E-commerce_Dashboard\\backend\\server.js\n    at Function._resolveFilename (node:internal/modules/cjs/loader:1401:15)\n    at defaultResolveImpl (node:internal/modules/cjs/loader:1057:19)\n    at resolveForCJSWithHooks (node:internal/modules/cjs/loader:1062:22)\n    at Function._load (node:internal/modules/cjs/loader:1211:37)\n    at TracingChannel.traceSync (node:diagnostics_channel:322:14)\n    at wrapModuleLoad (node:internal/modules/cjs/loader:235:24)\n    at Module.require (node:internal/modules/cjs/loader:1487:12)\n    at require (node:internal/modules/helpers:135:16)\n    at Object.<anonymous> (D:\\MyDesktop\\E-commerce_Dashboard\\backend\\app.js:3:16)\n    at Module._compile (node:internal/modules/cjs/loader:1730:14)","timestamp":"2025-09-08 17:47:51"}
{"code":"MODULE_NOT_FOUND","level":"error","message":"Uncaught Exception: Cannot find module 'express-rate-limit'\nRequire stack:\n- D:\\MyDesktop\\E-commerce_Dashboard\\backend\\app.js\n- D:\\MyDesktop\\E-commerce_Dashboard\\backend\\server.js Cannot find module 'express-rate-limit'\nRequire stack:\n- D:\\MyDesktop\\E-commerce_Dashboard\\backend\\app.js\n- D:\\MyDesktop\\E-commerce_Dashboard\\backend\\server.js","requireStack":["D:\\MyDesktop\\E-commerce_Dashboard\\backend\\app.js","D:\\MyDesktop\\E-commerce_Dashboard\\backend\\server.js"],"stack":"Error: Cannot find module 'express-rate-limit'\nRequire stack:\n- D:\\MyDesktop\\E-commerce_Dashboard\\backend\\app.js\n- D:\\MyDesktop\\E-commerce_Dashboard\\backend\\server.js\n    at Function._resolveFilename (node:internal/modules/cjs/loader:1401:15)\n    at defaultResolveImpl (node:internal/modules/cjs/loader:1057:19)\n    at resolveForCJSWithHooks (node:internal/modules/cjs/loader:1062:22)\n    at Function._load (node:internal/modules/cjs/loader:1211:37)\n    at TracingChannel.traceSync (node:diagnostics_channel:322:14)\n    at wrapModuleLoad (node:internal/modules/cjs/loader:235:24)\n    at Module.require (node:internal/modules/cjs/loader:1487:12)\n    at require (node:internal/modules/helpers:135:16)\n    at Object.<anonymous> (D:\\MyDesktop\\E-commerce_Dashboard\\backend\\app.js:4:19)\n    at Module._compile (node:internal/modules/cjs/loader:1730:14)","timestamp":"2025-09-08 17:48:41"}
{"level":"error","message":"UNCAUGHT EXCEPTION! ðŸ’¥ Shutting down...","timestamp":"2025-09-08 17:48:41"}
{"level":"error","message":"Name: Error, Message: Cannot find module 'express-rate-limit'\nRequire stack:\n- D:\\MyDesktop\\E-commerce_Dashboard\\backend\\app.js\n- D:\\MyDesktop\\E-commerce_Dashboard\\backend\\server.js","timestamp":"2025-09-08 17:48:41"}
{"level":"error","message":"Error: Cannot find module 'express-rate-limit'\nRequire stack:\n- D:\\MyDesktop\\E-commerce_Dashboard\\backend\\app.js\n- D:\\MyDesktop\\E-commerce_Dashboard\\backend\\server.js\n    at Function._resolveFilename (node:internal/modules/cjs/loader:1401:15)\n    at defaultResolveImpl (node:internal/modules/cjs/loader:1057:19)\n    at resolveForCJSWithHooks (node:internal/modules/cjs/loader:1062:22)\n    at Function._load (node:internal/modules/cjs/loader:1211:37)\n    at TracingChannel.traceSync (node:diagnostics_channel:322:14)\n    at wrapModuleLoad (node:internal/modules/cjs/loader:235:24)\n    at Module.require (node:internal/modules/cjs/loader:1487:12)\n    at require (node:internal/modules/helpers:135:16)\n    at Object.<anonymous> (D:\\MyDesktop\\E-commerce_Dashboard\\backend\\app.js:4:19)\n    at Module._compile (node:internal/modules/cjs/loader:1730:14)","timestamp":"2025-09-08 17:48:41"}
{"code":"MODULE_NOT_FOUND","level":"error","message":"Uncaught Exception: Cannot find module 'helmet'\nRequire stack:\n- D:\\MyDesktop\\E-commerce_Dashboard\\backend\\app.js\n- D:\\MyDesktop\\E-commerce_Dashboard\\backend\\server.js Cannot find module 'helmet'\nRequire stack:\n- D:\\MyDesktop\\E-commerce_Dashboard\\backend\\app.js\n- D:\\MyDesktop\\E-commerce_Dashboard\\backend\\server.js","requireStack":["D:\\MyDesktop\\E-commerce_Dashboard\\backend\\app.js","D:\\MyDesktop\\E-commerce_Dashboard\\backend\\server.js"],"stack":"Error: Cannot find module 'helmet'\nRequire stack:\n- D:\\MyDesktop\\E-commerce_Dashboard\\backend\\app.js\n- D:\\MyDesktop\\E-commerce_Dashboard\\backend\\server.js\n    at Function._resolveFilename (node:internal/modules/cjs/loader:1401:15)\n    at defaultResolveImpl (node:internal/modules/cjs/loader:1057:19)\n    at resolveForCJSWithHooks (node:internal/modules/cjs/loader:1062:22)\n    at Function._load (node:internal/modules/cjs/loader:1211:37)\n    at TracingChannel.traceSync (node:diagnostics_channel:322:14)\n    at wrapModuleLoad (node:internal/modules/cjs/loader:235:24)\n    at Module.require (node:internal/modules/cjs/loader:1487:12)\n    at require (node:internal/modules/helpers:135:16)\n    at Object.<anonymous> (D:\\MyDesktop\\E-commerce_Dashboard\\backend\\app.js:5:16)\n    at Module._compile (node:internal/modules/cjs/loader:1730:14)","timestamp":"2025-09-08 17:49:08"}
{"level":"error","message":"UNCAUGHT EXCEPTION! ðŸ’¥ Shutting down...","timestamp":"2025-09-08 17:49:08"}
{"level":"error","message":"Name: Error, Message: Cannot find module 'helmet'\nRequire stack:\n- D:\\MyDesktop\\E-commerce_Dashboard\\backend\\app.js\n- D:\\MyDesktop\\E-commerce_Dashboard\\backend\\server.js","timestamp":"2025-09-08 17:49:08"}
{"level":"error","message":"Error: Cannot find module 'helmet'\nRequire stack:\n- D:\\MyDesktop\\E-commerce_Dashboard\\backend\\app.js\n- D:\\MyDesktop\\E-commerce_Dashboard\\backend\\server.js\n    at Function._resolveFilename (node:internal/modules/cjs/loader:1401:15)\n    at defaultResolveImpl (node:internal/modules/cjs/loader:1057:19)\n    at resolveForCJSWithHooks (node:internal/modules/cjs/loader:1062:22)\n    at Function._load (node:internal/modules/cjs/loader:1211:37)\n    at TracingChannel.traceSync (node:diagnostics_channel:322:14)\n    at wrapModuleLoad (node:internal/modules/cjs/loader:235:24)\n    at Module.require (node:internal/modules/cjs/loader:1487:12)\n    at require (node:internal/modules/helpers:135:16)\n    at Object.<anonymous> (D:\\MyDesktop\\E-commerce_Dashboard\\backend\\app.js:5:16)\n    at Module._compile (node:internal/modules/cjs/loader:1730:14)","timestamp":"2025-09-08 17:49:08"}
{"code":"MODULE_NOT_FOUND","level":"error","message":"Uncaught Exception: Cannot find module 'express-mongo-sanitize'\nRequire stack:\n- D:\\MyDesktop\\E-commerce_Dashboard\\backend\\app.js\n- D:\\MyDesktop\\E-commerce_Dashboard\\backend\\server.js Cannot find module 'express-mongo-sanitize'\nRequire stack:\n- D:\\MyDesktop\\E-commerce_Dashboard\\backend\\app.js\n- D:\\MyDesktop\\E-commerce_Dashboard\\backend\\server.js","requireStack":["D:\\MyDesktop\\E-commerce_Dashboard\\backend\\app.js","D:\\MyDesktop\\E-commerce_Dashboard\\backend\\server.js"],"stack":"Error: Cannot find module 'express-mongo-sanitize'\nRequire stack:\n- D:\\MyDesktop\\E-commerce_Dashboard\\backend\\app.js\n- D:\\MyDesktop\\E-commerce_Dashboard\\backend\\server.js\n    at Function._resolveFilename (node:internal/modules/cjs/loader:1401:15)\n    at defaultResolveImpl (node:internal/modules/cjs/loader:1057:19)\n    at resolveForCJSWithHooks (node:internal/modules/cjs/loader:1062:22)\n    at Function._load (node:internal/modules/cjs/loader:1211:37)\n    at TracingChannel.traceSync (node:diagnostics_channel:322:14)\n    at wrapModuleLoad (node:internal/modules/cjs/loader:235:24)\n    at Module.require (node:internal/modules/cjs/loader:1487:12)\n    at require (node:internal/modules/helpers:135:16)\n    at Object.<anonymous> (D:\\MyDesktop\\E-commerce_Dashboard\\backend\\app.js:6:23)\n    at Module._compile (node:internal/modules/cjs/loader:1730:14)","timestamp":"2025-09-08 17:49:31"}
{"level":"error","message":"UNCAUGHT EXCEPTION! ðŸ’¥ Shutting down...","timestamp":"2025-09-08 17:49:31"}
{"level":"error","message":"Name: Error, Message: Cannot find module 'express-mongo-sanitize'\nRequire stack:\n- D:\\MyDesktop\\E-commerce_Dashboard\\backend\\app.js\n- D:\\MyDesktop\\E-commerce_Dashboard\\backend\\server.js","timestamp":"2025-09-08 17:49:31"}
{"level":"error","message":"Error: Cannot find module 'express-mongo-sanitize'\nRequire stack:\n- D:\\MyDesktop\\E-commerce_Dashboard\\backend\\app.js\n- D:\\MyDesktop\\E-commerce_Dashboard\\backend\\server.js\n    at Function._resolveFilename (node:internal/modules/cjs/loader:1401:15)\n    at defaultResolveImpl (node:internal/modules/cjs/loader:1057:19)\n    at resolveForCJSWithHooks (node:internal/modules/cjs/loader:1062:22)\n    at Function._load (node:internal/modules/cjs/loader:1211:37)\n    at TracingChannel.traceSync (node:diagnostics_channel:322:14)\n    at wrapModuleLoad (node:internal/modules/cjs/loader:235:24)\n    at Module.require (node:internal/modules/cjs/loader:1487:12)\n    at require (node:internal/modules/helpers:135:16)\n    at Object.<anonymous> (D:\\MyDesktop\\E-commerce_Dashboard\\backend\\app.js:6:23)\n    at Module._compile (node:internal/modules/cjs/loader:1730:14)","timestamp":"2025-09-08 17:49:31"}
{"code":"MODULE_NOT_FOUND","level":"error","message":"Uncaught Exception: Cannot find module 'xss-clean'\nRequire stack:\n- D:\\MyDesktop\\E-commerce_Dashboard\\backend\\app.js\n- D:\\MyDesktop\\E-commerce_Dashboard\\backend\\server.js Cannot find module 'xss-clean'\nRequire stack:\n- D:\\MyDesktop\\E-commerce_Dashboard\\backend\\app.js\n- D:\\MyDesktop\\E-commerce_Dashboard\\backend\\server.js","requireStack":["D:\\MyDesktop\\E-commerce_Dashboard\\backend\\app.js","D:\\MyDesktop\\E-commerce_Dashboard\\backend\\server.js"],"stack":"Error: Cannot find module 'xss-clean'\nRequire stack:\n- D:\\MyDesktop\\E-commerce_Dashboard\\backend\\app.js\n- D:\\MyDesktop\\E-commerce_Dashboard\\backend\\server.js\n    at Function._resolveFilename (node:internal/modules/cjs/loader:1401:15)\n    at defaultResolveImpl (node:internal/modules/cjs/loader:1057:19)\n    at resolveForCJSWithHooks (node:internal/modules/cjs/loader:1062:22)\n    at Function._load (node:internal/modules/cjs/loader:1211:37)\n    at TracingChannel.traceSync (node:diagnostics_channel:322:14)\n    at wrapModuleLoad (node:internal/modules/cjs/loader:235:24)\n    at Module.require (node:internal/modules/cjs/loader:1487:12)\n    at require (node:internal/modules/helpers:135:16)\n    at Object.<anonymous> (D:\\MyDesktop\\E-commerce_Dashboard\\backend\\app.js:7:13)\n    at Module._compile (node:internal/modules/cjs/loader:1730:14)","timestamp":"2025-09-08 17:49:52"}
{"level":"error","message":"UNCAUGHT EXCEPTION! ðŸ’¥ Shutting down...","timestamp":"2025-09-08 17:49:52"}
{"level":"error","message":"Name: Error, Message: Cannot find module 'xss-clean'\nRequire stack:\n- D:\\MyDesktop\\E-commerce_Dashboard\\backend\\app.js\n- D:\\MyDesktop\\E-commerce_Dashboard\\backend\\server.js","timestamp":"2025-09-08 17:49:52"}
{"level":"error","message":"Error: Cannot find module 'xss-clean'\nRequire stack:\n- D:\\MyDesktop\\E-commerce_Dashboard\\backend\\app.js\n- D:\\MyDesktop\\E-commerce_Dashboard\\backend\\server.js\n    at Function._resolveFilename (node:internal/modules/cjs/loader:1401:15)\n    at defaultResolveImpl (node:internal/modules/cjs/loader:1057:19)\n    at resolveForCJSWithHooks (node:internal/modules/cjs/loader:1062:22)\n    at Function._load (node:internal/modules/cjs/loader:1211:37)\n    at TracingChannel.traceSync (node:diagnostics_channel:322:14)\n    at wrapModuleLoad (node:internal/modules/cjs/loader:235:24)\n    at Module.require (node:internal/modules/cjs/loader:1487:12)\n    at require (node:internal/modules/helpers:135:16)\n    at Object.<anonymous> (D:\\MyDesktop\\E-commerce_Dashboard\\backend\\app.js:7:13)\n    at Module._compile (node:internal/modules/cjs/loader:1730:14)","timestamp":"2025-09-08 17:49:52"}
{"code":"MODULE_NOT_FOUND","level":"error","message":"Uncaught Exception: Cannot find module 'hpp'\nRequire stack:\n- D:\\MyDesktop\\E-commerce_Dashboard\\backend\\app.js\n- D:\\MyDesktop\\E-commerce_Dashboard\\backend\\server.js Cannot find module 'hpp'\nRequire stack:\n- D:\\MyDesktop\\E-commerce_Dashboard\\backend\\app.js\n- D:\\MyDesktop\\E-commerce_Dashboard\\backend\\server.js","requireStack":["D:\\MyDesktop\\E-commerce_Dashboard\\backend\\app.js","D:\\MyDesktop\\E-commerce_Dashboard\\backend\\server.js"],"stack":"Error: Cannot find module 'hpp'\nRequire stack:\n- D:\\MyDesktop\\E-commerce_Dashboard\\backend\\app.js\n- D:\\MyDesktop\\E-commerce_Dashboard\\backend\\server.js\n    at Function._resolveFilename (node:internal/modules/cjs/loader:1401:15)\n    at defaultResolveImpl (node:internal/modules/cjs/loader:1057:19)\n    at resolveForCJSWithHooks (node:internal/modules/cjs/loader:1062:22)\n    at Function._load (node:internal/modules/cjs/loader:1211:37)\n    at TracingChannel.traceSync (node:diagnostics_channel:322:14)\n    at wrapModuleLoad (node:internal/modules/cjs/loader:235:24)\n    at Module.require (node:internal/modules/cjs/loader:1487:12)\n    at require (node:internal/modules/helpers:135:16)\n    at Object.<anonymous> (D:\\MyDesktop\\E-commerce_Dashboard\\backend\\app.js:8:13)\n    at Module._compile (node:internal/modules/cjs/loader:1730:14)","timestamp":"2025-09-08 17:50:10"}
{"level":"error","message":"UNCAUGHT EXCEPTION! ðŸ’¥ Shutting down...","timestamp":"2025-09-08 17:50:10"}
{"level":"error","message":"Name: Error, Message: Cannot find module 'hpp'\nRequire stack:\n- D:\\MyDesktop\\E-commerce_Dashboard\\backend\\app.js\n- D:\\MyDesktop\\E-commerce_Dashboard\\backend\\server.js","timestamp":"2025-09-08 17:50:10"}
{"level":"error","message":"Error: Cannot find module 'hpp'\nRequire stack:\n- D:\\MyDesktop\\E-commerce_Dashboard\\backend\\app.js\n- D:\\MyDesktop\\E-commerce_Dashboard\\backend\\server.js\n    at Function._resolveFilename (node:internal/modules/cjs/loader:1401:15)\n    at defaultResolveImpl (node:internal/modules/cjs/loader:1057:19)\n    at resolveForCJSWithHooks (node:internal/modules/cjs/loader:1062:22)\n    at Function._load (node:internal/modules/cjs/loader:1211:37)\n    at TracingChannel.traceSync (node:diagnostics_channel:322:14)\n    at wrapModuleLoad (node:internal/modules/cjs/loader:235:24)\n    at Module.require (node:internal/modules/cjs/loader:1487:12)\n    at require (node:internal/modules/helpers:135:16)\n    at Object.<anonymous> (D:\\MyDesktop\\E-commerce_Dashboard\\backend\\app.js:8:13)\n    at Module._compile (node:internal/modules/cjs/loader:1730:14)","timestamp":"2025-09-08 17:50:10"}
{"code":"MODULE_NOT_FOUND","level":"error","message":"Uncaught Exception: Cannot find module 'cookie-parser'\nRequire stack:\n- D:\\MyDesktop\\E-commerce_Dashboard\\backend\\app.js\n- D:\\MyDesktop\\E-commerce_Dashboard\\backend\\server.js Cannot find module 'cookie-parser'\nRequire stack:\n- D:\\MyDesktop\\E-commerce_Dashboard\\backend\\app.js\n- D:\\MyDesktop\\E-commerce_Dashboard\\backend\\server.js","requireStack":["D:\\MyDesktop\\E-commerce_Dashboard\\backend\\app.js","D:\\MyDesktop\\E-commerce_Dashboard\\backend\\server.js"],"stack":"Error: Cannot find module 'cookie-parser'\nRequire stack:\n- D:\\MyDesktop\\E-commerce_Dashboard\\backend\\app.js\n- D:\\MyDesktop\\E-commerce_Dashboard\\backend\\server.js\n    at Function._resolveFilename (node:internal/modules/cjs/loader:1401:15)\n    at defaultResolveImpl (node:internal/modules/cjs/loader:1057:19)\n    at resolveForCJSWithHooks (node:internal/modules/cjs/loader:1062:22)\n    at Function._load (node:internal/modules/cjs/loader:1211:37)\n    at TracingChannel.traceSync (node:diagnostics_channel:322:14)\n    at wrapModuleLoad (node:internal/modules/cjs/loader:235:24)\n    at Module.require (node:internal/modules/cjs/loader:1487:12)\n    at require (node:internal/modules/helpers:135:16)\n    at Object.<anonymous> (D:\\MyDesktop\\E-commerce_Dashboard\\backend\\app.js:9:22)\n    at Module._compile (node:internal/modules/cjs/loader:1730:14)","timestamp":"2025-09-08 17:51:27"}
{"level":"error","message":"UNCAUGHT EXCEPTION! ðŸ’¥ Shutting down...","timestamp":"2025-09-08 17:51:27"}
{"level":"error","message":"Name: Error, Message: Cannot find module 'cookie-parser'\nRequire stack:\n- D:\\MyDesktop\\E-commerce_Dashboard\\backend\\app.js\n- D:\\MyDesktop\\E-commerce_Dashboard\\backend\\server.js","timestamp":"2025-09-08 17:51:27"}
{"level":"error","message":"Error: Cannot find module 'cookie-parser'\nRequire stack:\n- D:\\MyDesktop\\E-commerce_Dashboard\\backend\\app.js\n- D:\\MyDesktop\\E-commerce_Dashboard\\backend\\server.js\n    at Function._resolveFilename (node:internal/modules/cjs/loader:1401:15)\n    at defaultResolveImpl (node:internal/modules/cjs/loader:1057:19)\n    at resolveForCJSWithHooks (node:internal/modules/cjs/loader:1062:22)\n    at Function._load (node:internal/modules/cjs/loader:1211:37)\n    at TracingChannel.traceSync (node:diagnostics_channel:322:14)\n    at wrapModuleLoad (node:internal/modules/cjs/loader:235:24)\n    at Module.require (node:internal/modules/cjs/loader:1487:12)\n    at require (node:internal/modules/helpers:135:16)\n    at Object.<anonymous> (D:\\MyDesktop\\E-commerce_Dashboard\\backend\\app.js:9:22)\n    at Module._compile (node:internal/modules/cjs/loader:1730:14)","timestamp":"2025-09-08 17:51:27"}
{"code":"MODULE_NOT_FOUND","level":"error","message":"Uncaught Exception: Cannot find module 'cors'\nRequire stack:\n- D:\\MyDesktop\\E-commerce_Dashboard\\backend\\app.js\n- D:\\MyDesktop\\E-commerce_Dashboard\\backend\\server.js Cannot find module 'cors'\nRequire stack:\n- D:\\MyDesktop\\E-commerce_Dashboard\\backend\\app.js\n- D:\\MyDesktop\\E-commerce_Dashboard\\backend\\server.js","requireStack":["D:\\MyDesktop\\E-commerce_Dashboard\\backend\\app.js","D:\\MyDesktop\\E-commerce_Dashboard\\backend\\server.js"],"stack":"Error: Cannot find module 'cors'\nRequire stack:\n- D:\\MyDesktop\\E-commerce_Dashboard\\backend\\app.js\n- D:\\MyDesktop\\E-commerce_Dashboard\\backend\\server.js\n    at Function._resolveFilename (node:internal/modules/cjs/loader:1401:15)\n    at defaultResolveImpl (node:internal/modules/cjs/loader:1057:19)\n    at resolveForCJSWithHooks (node:internal/modules/cjs/loader:1062:22)\n    at Function._load (node:internal/modules/cjs/loader:1211:37)\n    at TracingChannel.traceSync (node:diagnostics_channel:322:14)\n    at wrapModuleLoad (node:internal/modules/cjs/loader:235:24)\n    at Module.require (node:internal/modules/cjs/loader:1487:12)\n    at require (node:internal/modules/helpers:135:16)\n    at Object.<anonymous> (D:\\MyDesktop\\E-commerce_Dashboard\\backend\\app.js:10:14)\n    at Module._compile (node:internal/modules/cjs/loader:1730:14)","timestamp":"2025-09-08 17:51:44"}
{"level":"error","message":"UNCAUGHT EXCEPTION! ðŸ’¥ Shutting down...","timestamp":"2025-09-08 17:51:44"}
{"level":"error","message":"Name: Error, Message: Cannot find module 'cors'\nRequire stack:\n- D:\\MyDesktop\\E-commerce_Dashboard\\backend\\app.js\n- D:\\MyDesktop\\E-commerce_Dashboard\\backend\\server.js","timestamp":"2025-09-08 17:51:44"}
{"level":"error","message":"Error: Cannot find module 'cors'\nRequire stack:\n- D:\\MyDesktop\\E-commerce_Dashboard\\backend\\app.js\n- D:\\MyDesktop\\E-commerce_Dashboard\\backend\\server.js\n    at Function._resolveFilename (node:internal/modules/cjs/loader:1401:15)\n    at defaultResolveImpl (node:internal/modules/cjs/loader:1057:19)\n    at resolveForCJSWithHooks (node:internal/modules/cjs/loader:1062:22)\n    at Function._load (node:internal/modules/cjs/loader:1211:37)\n    at TracingChannel.traceSync (node:diagnostics_channel:322:14)\n    at wrapModuleLoad (node:internal/modules/cjs/loader:235:24)\n    at Module.require (node:internal/modules/cjs/loader:1487:12)\n    at require (node:internal/modules/helpers:135:16)\n    at Object.<anonymous> (D:\\MyDesktop\\E-commerce_Dashboard\\backend\\app.js:10:14)\n    at Module._compile (node:internal/modules/cjs/loader:1730:14)","timestamp":"2025-09-08 17:51:44"}
{"code":"MODULE_NOT_FOUND","level":"error","message":"Uncaught Exception: Cannot find module 'validator'\nRequire stack:\n- D:\\MyDesktop\\E-commerce_Dashboard\\backend\\models\\User.js\n- D:\\MyDesktop\\E-commerce_Dashboard\\backend\\controllers\\userController.js\n- D:\\MyDesktop\\E-commerce_Dashboard\\backend\\routes\\userRoutes.js\n- D:\\MyDesktop\\E-commerce_Dashboard\\backend\\app.js\n- D:\\MyDesktop\\E-commerce_Dashboard\\backend\\server.js Cannot find module 'validator'\nRequire stack:\n- D:\\MyDesktop\\E-commerce_Dashboard\\backend\\models\\User.js\n- D:\\MyDesktop\\E-commerce_Dashboard\\backend\\controllers\\userController.js\n- D:\\MyDesktop\\E-commerce_Dashboard\\backend\\routes\\userRoutes.js\n- D:\\MyDesktop\\E-commerce_Dashboard\\backend\\app.js\n- D:\\MyDesktop\\E-commerce_Dashboard\\backend\\server.js","requireStack":["D:\\MyDesktop\\E-commerce_Dashboard\\backend\\models\\User.js","D:\\MyDesktop\\E-commerce_Dashboard\\backend\\controllers\\userController.js","D:\\MyDesktop\\E-commerce_Dashboard\\backend\\routes\\userRoutes.js","D:\\MyDesktop\\E-commerce_Dashboard\\backend\\app.js","D:\\MyDesktop\\E-commerce_Dashboard\\backend\\server.js"],"stack":"Error: Cannot find module 'validator'\nRequire stack:\n- D:\\MyDesktop\\E-commerce_Dashboard\\backend\\models\\User.js\n- D:\\MyDesktop\\E-commerce_Dashboard\\backend\\controllers\\userController.js\n- D:\\MyDesktop\\E-commerce_Dashboard\\backend\\routes\\userRoutes.js\n- D:\\MyDesktop\\E-commerce_Dashboard\\backend\\app.js\n- D:\\MyDesktop\\E-commerce_Dashboard\\backend\\server.js\n    at Function._resolveFilename (node:internal/modules/cjs/loader:1401:15)\n    at defaultResolveImpl (node:internal/modules/cjs/loader:1057:19)\n    at resolveForCJSWithHooks (node:internal/modules/cjs/loader:1062:22)\n    at Function._load (node:internal/modules/cjs/loader:1211:37)\n    at TracingChannel.traceSync (node:diagnostics_channel:322:14)\n    at wrapModuleLoad (node:internal/modules/cjs/loader:235:24)\n    at Module.require (node:internal/modules/cjs/loader:1487:12)\n    at require (node:internal/modules/helpers:135:16)\n    at Object.<anonymous> (D:\\MyDesktop\\E-commerce_Dashboard\\backend\\models\\User.js:3:19)\n    at Module._compile (node:internal/modules/cjs/loader:1730:14)","timestamp":"2025-09-08 17:52:08"}
{"level":"error","message":"UNCAUGHT EXCEPTION! ðŸ’¥ Shutting down...","timestamp":"2025-09-08 17:52:08"}
{"level":"error","message":"Name: Error, Message: Cannot find module 'validator'\nRequire stack:\n- D:\\MyDesktop\\E-commerce_Dashboard\\backend\\models\\User.js\n- D:\\MyDesktop\\E-commerce_Dashboard\\backend\\controllers\\userController.js\n- D:\\MyDesktop\\E-commerce_Dashboard\\backend\\routes\\userRoutes.js\n- D:\\MyDesktop\\E-commerce_Dashboard\\backend\\app.js\n- D:\\MyDesktop\\E-commerce_Dashboard\\backend\\server.js","timestamp":"2025-09-08 17:52:08"}
{"level":"error","message":"Error: Cannot find module 'validator'\nRequire stack:\n- D:\\MyDesktop\\E-commerce_Dashboard\\backend\\models\\User.js\n- D:\\MyDesktop\\E-commerce_Dashboard\\backend\\controllers\\userController.js\n- D:\\MyDesktop\\E-commerce_Dashboard\\backend\\routes\\userRoutes.js\n- D:\\MyDesktop\\E-commerce_Dashboard\\backend\\app.js\n- D:\\MyDesktop\\E-commerce_Dashboard\\backend\\server.js\n    at Function._resolveFilename (node:internal/modules/cjs/loader:1401:15)\n    at defaultResolveImpl (node:internal/modules/cjs/loader:1057:19)\n    at resolveForCJSWithHooks (node:internal/modules/cjs/loader:1062:22)\n    at Function._load (node:internal/modules/cjs/loader:1211:37)\n    at TracingChannel.traceSync (node:diagnostics_channel:322:14)\n    at wrapModuleLoad (node:internal/modules/cjs/loader:235:24)\n    at Module.require (node:internal/modules/cjs/loader:1487:12)\n    at require (node:internal/modules/helpers:135:16)\n    at Object.<anonymous> (D:\\MyDesktop\\E-commerce_Dashboard\\backend\\models\\User.js:3:19)\n    at Module._compile (node:internal/modules/cjs/loader:1730:14)","timestamp":"2025-09-08 17:52:08"}
{"code":"MODULE_NOT_FOUND","level":"error","message":"Uncaught Exception: Cannot find module 'jsonwebtoken'\nRequire stack:\n- D:\\MyDesktop\\E-commerce_Dashboard\\backend\\controllers\\authController.js\n- D:\\MyDesktop\\E-commerce_Dashboard\\backend\\routes\\userRoutes.js\n- D:\\MyDesktop\\E-commerce_Dashboard\\backend\\app.js\n- D:\\MyDesktop\\E-commerce_Dashboard\\backend\\server.js Cannot find module 'jsonwebtoken'\nRequire stack:\n- D:\\MyDesktop\\E-commerce_Dashboard\\backend\\controllers\\authController.js\n- D:\\MyDesktop\\E-commerce_Dashboard\\backend\\routes\\userRoutes.js\n- D:\\MyDesktop\\E-commerce_Dashboard\\backend\\app.js\n- D:\\MyDesktop\\E-commerce_Dashboard\\backend\\server.js","requireStack":["D:\\MyDesktop\\E-commerce_Dashboard\\backend\\controllers\\authController.js","D:\\MyDesktop\\E-commerce_Dashboard\\backend\\routes\\userRoutes.js","D:\\MyDesktop\\E-commerce_Dashboard\\backend\\app.js","D:\\MyDesktop\\E-commerce_Dashboard\\backend\\server.js"],"stack":"Error: Cannot find module 'jsonwebtoken'\nRequire stack:\n- D:\\MyDesktop\\E-commerce_Dashboard\\backend\\controllers\\authController.js\n- D:\\MyDesktop\\E-commerce_Dashboard\\backend\\routes\\userRoutes.js\n- D:\\MyDesktop\\E-commerce_Dashboard\\backend\\app.js\n- D:\\MyDesktop\\E-commerce_Dashboard\\backend\\server.js\n    at Function._resolveFilename (node:internal/modules/cjs/loader:1401:15)\n    at defaultResolveImpl (node:internal/modules/cjs/loader:1057:19)\n    at resolveForCJSWithHooks (node:internal/modules/cjs/loader:1062:22)\n    at Function._load (node:internal/modules/cjs/loader:1211:37)\n    at TracingChannel.traceSync (node:diagnostics_channel:322:14)\n    at wrapModuleLoad (node:internal/modules/cjs/loader:235:24)\n    at Module.require (node:internal/modules/cjs/loader:1487:12)\n    at require (node:internal/modules/helpers:135:16)\n    at Object.<anonymous> (D:\\MyDesktop\\E-commerce_Dashboard\\backend\\controllers\\authController.js:3:13)\n    at Module._compile (node:internal/modules/cjs/loader:1730:14)","timestamp":"2025-09-08 17:53:15"}
{"level":"error","message":"UNCAUGHT EXCEPTION! ðŸ’¥ Shutting down...","timestamp":"2025-09-08 17:53:15"}
{"level":"error","message":"Name: Error, Message: Cannot find module 'jsonwebtoken'\nRequire stack:\n- D:\\MyDesktop\\E-commerce_Dashboard\\backend\\controllers\\authController.js\n- D:\\MyDesktop\\E-commerce_Dashboard\\backend\\routes\\userRoutes.js\n- D:\\MyDesktop\\E-commerce_Dashboard\\backend\\app.js\n- D:\\MyDesktop\\E-commerce_Dashboard\\backend\\server.js","timestamp":"2025-09-08 17:53:15"}
{"level":"error","message":"Error: Cannot find module 'jsonwebtoken'\nRequire stack:\n- D:\\MyDesktop\\E-commerce_Dashboard\\backend\\controllers\\authController.js\n- D:\\MyDesktop\\E-commerce_Dashboard\\backend\\routes\\userRoutes.js\n- D:\\MyDesktop\\E-commerce_Dashboard\\backend\\app.js\n- D:\\MyDesktop\\E-commerce_Dashboard\\backend\\server.js\n    at Function._resolveFilename (node:internal/modules/cjs/loader:1401:15)\n    at defaultResolveImpl (node:internal/modules/cjs/loader:1057:19)\n    at resolveForCJSWithHooks (node:internal/modules/cjs/loader:1062:22)\n    at Function._load (node:internal/modules/cjs/loader:1211:37)\n    at TracingChannel.traceSync (node:diagnostics_channel:322:14)\n    at wrapModuleLoad (node:internal/modules/cjs/loader:235:24)\n    at Module.require (node:internal/modules/cjs/loader:1487:12)\n    at require (node:internal/modules/helpers:135:16)\n    at Object.<anonymous> (D:\\MyDesktop\\E-commerce_Dashboard\\backend\\controllers\\authController.js:3:13)\n    at Module._compile (node:internal/modules/cjs/loader:1730:14)","timestamp":"2025-09-08 17:53:15"}
{"code":"MODULE_NOT_FOUND","level":"error","message":"Uncaught Exception: Cannot find module 'nodemailer'\nRequire stack:\n- D:\\MyDesktop\\E-commerce_Dashboard\\backend\\utils\\email.js\n- D:\\MyDesktop\\E-commerce_Dashboard\\backend\\controllers\\authController.js\n- D:\\MyDesktop\\E-commerce_Dashboard\\backend\\routes\\userRoutes.js\n- D:\\MyDesktop\\E-commerce_Dashboard\\backend\\app.js\n- D:\\MyDesktop\\E-commerce_Dashboard\\backend\\server.js Cannot find module 'nodemailer'\nRequire stack:\n- D:\\MyDesktop\\E-commerce_Dashboard\\backend\\utils\\email.js\n- D:\\MyDesktop\\E-commerce_Dashboard\\backend\\controllers\\authController.js\n- D:\\MyDesktop\\E-commerce_Dashboard\\backend\\routes\\userRoutes.js\n- D:\\MyDesktop\\E-commerce_Dashboard\\backend\\app.js\n- D:\\MyDesktop\\E-commerce_Dashboard\\backend\\server.js","requireStack":["D:\\MyDesktop\\E-commerce_Dashboard\\backend\\utils\\email.js","D:\\MyDesktop\\E-commerce_Dashboard\\backend\\controllers\\authController.js","D:\\MyDesktop\\E-commerce_Dashboard\\backend\\routes\\userRoutes.js","D:\\MyDesktop\\E-commerce_Dashboard\\backend\\app.js","D:\\MyDesktop\\E-commerce_Dashboard\\backend\\server.js"],"stack":"Error: Cannot find module 'nodemailer'\nRequire stack:\n- D:\\MyDesktop\\E-commerce_Dashboard\\backend\\utils\\email.js\n- D:\\MyDesktop\\E-commerce_Dashboard\\backend\\controllers\\authController.js\n- D:\\MyDesktop\\E-commerce_Dashboard\\backend\\routes\\userRoutes.js\n- D:\\MyDesktop\\E-commerce_Dashboard\\backend\\app.js\n- D:\\MyDesktop\\E-commerce_Dashboard\\backend\\server.js\n    at Function._resolveFilename (node:internal/modules/cjs/loader:1401:15)\n    at defaultResolveImpl (node:internal/modules/cjs/loader:1057:19)\n    at resolveForCJSWithHooks (node:internal/modules/cjs/loader:1062:22)\n    at Function._load (node:internal/modules/cjs/loader:1211:37)\n    at TracingChannel.traceSync (node:diagnostics_channel:322:14)\n    at wrapModuleLoad (node:internal/modules/cjs/loader:235:24)\n    at Module.require (node:internal/modules/cjs/loader:1487:12)\n    at require (node:internal/modules/helpers:135:16)\n    at Object.<anonymous> (D:\\MyDesktop\\E-commerce_Dashboard\\backend\\utils\\email.js:1:20)\n    at Module._compile (node:internal/modules/cjs/loader:1730:14)","timestamp":"2025-09-08 17:54:05"}
{"level":"error","message":"UNCAUGHT EXCEPTION! ðŸ’¥ Shutting down...","timestamp":"2025-09-08 17:54:05"}
{"level":"error","message":"Name: Error, Message: Cannot find module 'nodemailer'\nRequire stack:\n- D:\\MyDesktop\\E-commerce_Dashboard\\backend\\utils\\email.js\n- D:\\MyDesktop\\E-commerce_Dashboard\\backend\\controllers\\authController.js\n- D:\\MyDesktop\\E-commerce_Dashboard\\backend\\routes\\userRoutes.js\n- D:\\MyDesktop\\E-commerce_Dashboard\\backend\\app.js\n- D:\\MyDesktop\\E-commerce_Dashboard\\backend\\server.js","timestamp":"2025-09-08 17:54:05"}
{"level":"error","message":"Error: Cannot find module 'nodemailer'\nRequire stack:\n- D:\\MyDesktop\\E-commerce_Dashboard\\backend\\utils\\email.js\n- D:\\MyDesktop\\E-commerce_Dashboard\\backend\\controllers\\authController.js\n- D:\\MyDesktop\\E-commerce_Dashboard\\backend\\routes\\userRoutes.js\n- D:\\MyDesktop\\E-commerce_Dashboard\\backend\\app.js\n- D:\\MyDesktop\\E-commerce_Dashboard\\backend\\server.js\n    at Function._resolveFilename (node:internal/modules/cjs/loader:1401:15)\n    at defaultResolveImpl (node:internal/modules/cjs/loader:1057:19)\n    at resolveForCJSWithHooks (node:internal/modules/cjs/loader:1062:22)\n    at Function._load (node:internal/modules/cjs/loader:1211:37)\n    at TracingChannel.traceSync (node:diagnostics_channel:322:14)\n    at wrapModuleLoad (node:internal/modules/cjs/loader:235:24)\n    at Module.require (node:internal/modules/cjs/loader:1487:12)\n    at require (node:internal/modules/helpers:135:16)\n    at Object.<anonymous> (D:\\MyDesktop\\E-commerce_Dashboard\\backend\\utils\\email.js:1:20)\n    at Module._compile (node:internal/modules/cjs/loader:1730:14)","timestamp":"2025-09-08 17:54:05"}
{"level":"error","message":"Uncaught Exception: Missing parameter name at index 1: *; visit https://git.new/pathToRegexpError for info Missing parameter name at index 1: *; visit https://git.new/pathToRegexpError for info","originalPath":"*","stack":"TypeError: Missing parameter name at index 1: *; visit https://git.new/pathToRegexpError for info\n    at name (D:\\MyDesktop\\E-commerce_Dashboard\\backend\\node_modules\\path-to-regexp\\dist\\index.js:96:19)\n    at parse (D:\\MyDesktop\\E-commerce_Dashboard\\backend\\node_modules\\path-to-regexp\\dist\\index.js:113:68)\n    at pathToRegexp (D:\\MyDesktop\\E-commerce_Dashboard\\backend\\node_modules\\path-to-regexp\\dist\\index.js:267:58)\n    at Object.match (D:\\MyDesktop\\E-commerce_Dashboard\\backend\\node_modules\\path-to-regexp\\dist\\index.js:237:30)\n    at matcher (D:\\MyDesktop\\E-commerce_Dashboard\\backend\\node_modules\\router\\lib\\layer.js:86:23)\n    at new Layer (D:\\MyDesktop\\E-commerce_Dashboard\\backend\\node_modules\\router\\lib\\layer.js:93:62)\n    at Function.route (D:\\MyDesktop\\E-commerce_Dashboard\\backend\\node_modules\\router\\index.js:428:17)\n    at Function.route (D:\\MyDesktop\\E-commerce_Dashboard\\backend\\node_modules\\express\\lib\\application.js:257:22)\n    at Function.all (D:\\MyDesktop\\E-commerce_Dashboard\\backend\\node_modules\\express\\lib\\application.js:495:20)\n    at Object.<anonymous> (D:\\MyDesktop\\E-commerce_Dashboard\\backend\\app.js:60:5)","timestamp":"2025-09-08 17:54:23"}
{"level":"error","message":"UNCAUGHT EXCEPTION! ðŸ’¥ Shutting down...","timestamp":"2025-09-08 17:54:23"}
{"level":"error","message":"Name: TypeError, Message: Missing parameter name at index 1: *; visit https://git.new/pathToRegexpError for info","timestamp":"2025-09-08 17:54:23"}
{"level":"error","message":"TypeError: Missing parameter name at index 1: *; visit https://git.new/pathToRegexpError for info\n    at name (D:\\MyDesktop\\E-commerce_Dashboard\\backend\\node_modules\\path-to-regexp\\dist\\index.js:96:19)\n    at parse (D:\\MyDesktop\\E-commerce_Dashboard\\backend\\node_modules\\path-to-regexp\\dist\\index.js:113:68)\n    at pathToRegexp (D:\\MyDesktop\\E-commerce_Dashboard\\backend\\node_modules\\path-to-regexp\\dist\\index.js:267:58)\n    at Object.match (D:\\MyDesktop\\E-commerce_Dashboard\\backend\\node_modules\\path-to-regexp\\dist\\index.js:237:30)\n    at matcher (D:\\MyDesktop\\E-commerce_Dashboard\\backend\\node_modules\\router\\lib\\layer.js:86:23)\n    at new Layer (D:\\MyDesktop\\E-commerce_Dashboard\\backend\\node_modules\\router\\lib\\layer.js:93:62)\n    at Function.route (D:\\MyDesktop\\E-commerce_Dashboard\\backend\\node_modules\\router\\index.js:428:17)\n    at Function.route (D:\\MyDesktop\\E-commerce_Dashboard\\backend\\node_modules\\express\\lib\\application.js:257:22)\n    at Function.all (D:\\MyDesktop\\E-commerce_Dashboard\\backend\\node_modules\\express\\lib\\application.js:495:20)\n    at Object.<anonymous> (D:\\MyDesktop\\E-commerce_Dashboard\\backend\\app.js:60:5)","timestamp":"2025-09-08 17:54:23"}
{"level":"error","message":"Uncaught Exception: Missing parameter name at index 2: /*; visit https://git.new/pathToRegexpError for info Missing parameter name at index 2: /*; visit https://git.new/pathToRegexpError for info","originalPath":"/*","stack":"TypeError: Missing parameter name at index 2: /*; visit https://git.new/pathToRegexpError for info\n    at name (D:\\MyDesktop\\E-commerce_Dashboard\\backend\\node_modules\\path-to-regexp\\dist\\index.js:96:19)\n    at parse (D:\\MyDesktop\\E-commerce_Dashboard\\backend\\node_modules\\path-to-regexp\\dist\\index.js:113:68)\n    at pathToRegexp (D:\\MyDesktop\\E-commerce_Dashboard\\backend\\node_modules\\path-to-regexp\\dist\\index.js:267:58)\n    at Object.match (D:\\MyDesktop\\E-commerce_Dashboard\\backend\\node_modules\\path-to-regexp\\dist\\index.js:237:30)\n    at matcher (D:\\MyDesktop\\E-commerce_Dashboard\\backend\\node_modules\\router\\lib\\layer.js:86:23)\n    at new Layer (D:\\MyDesktop\\E-commerce_Dashboard\\backend\\node_modules\\router\\lib\\layer.js:93:62)\n    at Function.route (D:\\MyDesktop\\E-commerce_Dashboard\\backend\\node_modules\\router\\index.js:428:17)\n    at Function.route (D:\\MyDesktop\\E-commerce_Dashboard\\backend\\node_modules\\express\\lib\\application.js:257:22)\n    at Function.all (D:\\MyDesktop\\E-commerce_Dashboard\\backend\\node_modules\\express\\lib\\application.js:495:20)\n    at Object.<anonymous> (D:\\MyDesktop\\E-commerce_Dashboard\\backend\\app.js:59:5)","timestamp":"2025-09-08 17:56:12"}
{"level":"error","message":"UNCAUGHT EXCEPTION! ðŸ’¥ Shutting down...","timestamp":"2025-09-08 17:56:12"}
{"level":"error","message":"Name: TypeError, Message: Missing parameter name at index 2: /*; visit https://git.new/pathToRegexpError for info","timestamp":"2025-09-08 17:56:12"}
{"level":"error","message":"TypeError: Missing parameter name at index 2: /*; visit https://git.new/pathToRegexpError for info\n    at name (D:\\MyDesktop\\E-commerce_Dashboard\\backend\\node_modules\\path-to-regexp\\dist\\index.js:96:19)\n    at parse (D:\\MyDesktop\\E-commerce_Dashboard\\backend\\node_modules\\path-to-regexp\\dist\\index.js:113:68)\n    at pathToRegexp (D:\\MyDesktop\\E-commerce_Dashboard\\backend\\node_modules\\path-to-regexp\\dist\\index.js:267:58)\n    at Object.match (D:\\MyDesktop\\E-commerce_Dashboard\\backend\\node_modules\\path-to-regexp\\dist\\index.js:237:30)\n    at matcher (D:\\MyDesktop\\E-commerce_Dashboard\\backend\\node_modules\\router\\lib\\layer.js:86:23)\n    at new Layer (D:\\MyDesktop\\E-commerce_Dashboard\\backend\\node_modules\\router\\lib\\layer.js:93:62)\n    at Function.route (D:\\MyDesktop\\E-commerce_Dashboard\\backend\\node_modules\\router\\index.js:428:17)\n    at Function.route (D:\\MyDesktop\\E-commerce_Dashboard\\backend\\node_modules\\express\\lib\\application.js:257:22)\n    at Function.all (D:\\MyDesktop\\E-commerce_Dashboard\\backend\\node_modules\\express\\lib\\application.js:495:20)\n    at Object.<anonymous> (D:\\MyDesktop\\E-commerce_Dashboard\\backend\\app.js:59:5)","timestamp":"2025-09-08 17:56:12"}
{"level":"error","message":"Uncaught Exception: Missing parameter name at index 13: /:pathMatch(*); visit https://git.new/pathToRegexpError for info Missing parameter name at index 13: /:pathMatch(*); visit https://git.new/pathToRegexpError for info","originalPath":"/:pathMatch(*)","stack":"TypeError: Missing parameter name at index 13: /:pathMatch(*); visit https://git.new/pathToRegexpError for info\n    at name (D:\\MyDesktop\\E-commerce_Dashboard\\backend\\node_modules\\path-to-regexp\\dist\\index.js:96:19)\n    at parse (D:\\MyDesktop\\E-commerce_Dashboard\\backend\\node_modules\\path-to-regexp\\dist\\index.js:113:68)\n    at pathToRegexp (D:\\MyDesktop\\E-commerce_Dashboard\\backend\\node_modules\\path-to-regexp\\dist\\index.js:267:58)\n    at Object.match (D:\\MyDesktop\\E-commerce_Dashboard\\backend\\node_modules\\path-to-regexp\\dist\\index.js:237:30)\n    at matcher (D:\\MyDesktop\\E-commerce_Dashboard\\backend\\node_modules\\router\\lib\\layer.js:86:23)\n    at new Layer (D:\\MyDesktop\\E-commerce_Dashboard\\backend\\node_modules\\router\\lib\\layer.js:93:62)\n    at Function.route (D:\\MyDesktop\\E-commerce_Dashboard\\backend\\node_modules\\router\\index.js:428:17)\n    at Function.route (D:\\MyDesktop\\E-commerce_Dashboard\\backend\\node_modules\\express\\lib\\application.js:257:22)\n    at Function.all (D:\\MyDesktop\\E-commerce_Dashboard\\backend\\node_modules\\express\\lib\\application.js:495:20)\n    at Object.<anonymous> (D:\\MyDesktop\\E-commerce_Dashboard\\backend\\app.js:59:5)","timestamp":"2025-09-08 17:57:08"}
{"level":"error","message":"UNCAUGHT EXCEPTION! ðŸ’¥ Shutting down...","timestamp":"2025-09-08 17:57:08"}
{"level":"error","message":"Name: TypeError, Message: Missing parameter name at index 13: /:pathMatch(*); visit https://git.new/pathToRegexpError for info","timestamp":"2025-09-08 17:57:08"}
{"level":"error","message":"TypeError: Missing parameter name at index 13: /:pathMatch(*); visit https://git.new/pathToRegexpError for info\n    at name (D:\\MyDesktop\\E-commerce_Dashboard\\backend\\node_modules\\path-to-regexp\\dist\\index.js:96:19)\n    at parse (D:\\MyDesktop\\E-commerce_Dashboard\\backend\\node_modules\\path-to-regexp\\dist\\index.js:113:68)\n    at pathToRegexp (D:\\MyDesktop\\E-commerce_Dashboard\\backend\\node_modules\\path-to-regexp\\dist\\index.js:267:58)\n    at Object.match (D:\\MyDesktop\\E-commerce_Dashboard\\backend\\node_modules\\path-to-regexp\\dist\\index.js:237:30)\n    at matcher (D:\\MyDesktop\\E-commerce_Dashboard\\backend\\node_modules\\router\\lib\\layer.js:86:23)\n    at new Layer (D:\\MyDesktop\\E-commerce_Dashboard\\backend\\node_modules\\router\\lib\\layer.js:93:62)\n    at Function.route (D:\\MyDesktop\\E-commerce_Dashboard\\backend\\node_modules\\router\\index.js:428:17)\n    at Function.route (D:\\MyDesktop\\E-commerce_Dashboard\\backend\\node_modules\\express\\lib\\application.js:257:22)\n    at Function.all (D:\\MyDesktop\\E-commerce_Dashboard\\backend\\node_modules\\express\\lib\\application.js:495:20)\n    at Object.<anonymous> (D:\\MyDesktop\\E-commerce_Dashboard\\backend\\app.js:59:5)","timestamp":"2025-09-08 17:57:08"}
{"level":"error","message":"Uncaught Exception: Missing parameter name at index 1: *; visit https://git.new/pathToRegexpError for info Missing parameter name at index 1: *; visit https://git.new/pathToRegexpError for info","originalPath":"*","stack":"TypeError: Missing parameter name at index 1: *; visit https://git.new/pathToRegexpError for info\n    at name (D:\\MyDesktop\\E-commerce_Dashboard\\backend\\node_modules\\path-to-regexp\\dist\\index.js:96:19)\n    at parse (D:\\MyDesktop\\E-commerce_Dashboard\\backend\\node_modules\\path-to-regexp\\dist\\index.js:113:68)\n    at pathToRegexp (D:\\MyDesktop\\E-commerce_Dashboard\\backend\\node_modules\\path-to-regexp\\dist\\index.js:267:58)\n    at Object.match (D:\\MyDesktop\\E-commerce_Dashboard\\backend\\node_modules\\path-to-regexp\\dist\\index.js:237:30)\n    at matcher (D:\\MyDesktop\\E-commerce_Dashboard\\backend\\node_modules\\router\\lib\\layer.js:86:23)\n    at new Layer (D:\\MyDesktop\\E-commerce_Dashboard\\backend\\node_modules\\router\\lib\\layer.js:93:62)\n    at Function.route (D:\\MyDesktop\\E-commerce_Dashboard\\backend\\node_modules\\router\\index.js:428:17)\n    at Function.route (D:\\MyDesktop\\E-commerce_Dashboard\\backend\\node_modules\\express\\lib\\application.js:257:22)\n    at Function.all (D:\\MyDesktop\\E-commerce_Dashboard\\backend\\node_modules\\express\\lib\\application.js:495:20)\n    at Object.<anonymous> (D:\\MyDesktop\\E-commerce_Dashboard\\backend\\app.js:59:5)","timestamp":"2025-09-08 17:57:53"}
{"level":"error","message":"UNCAUGHT EXCEPTION! ðŸ’¥ Shutting down...","timestamp":"2025-09-08 17:57:53"}
{"level":"error","message":"Name: TypeError, Message: Missing parameter name at index 1: *; visit https://git.new/pathToRegexpError for info","timestamp":"2025-09-08 17:57:53"}
{"level":"error","message":"TypeError: Missing parameter name at index 1: *; visit https://git.new/pathToRegexpError for info\n    at name (D:\\MyDesktop\\E-commerce_Dashboard\\backend\\node_modules\\path-to-regexp\\dist\\index.js:96:19)\n    at parse (D:\\MyDesktop\\E-commerce_Dashboard\\backend\\node_modules\\path-to-regexp\\dist\\index.js:113:68)\n    at pathToRegexp (D:\\MyDesktop\\E-commerce_Dashboard\\backend\\node_modules\\path-to-regexp\\dist\\index.js:267:58)\n    at Object.match (D:\\MyDesktop\\E-commerce_Dashboard\\backend\\node_modules\\path-to-regexp\\dist\\index.js:237:30)\n    at matcher (D:\\MyDesktop\\E-commerce_Dashboard\\backend\\node_modules\\router\\lib\\layer.js:86:23)\n    at new Layer (D:\\MyDesktop\\E-commerce_Dashboard\\backend\\node_modules\\router\\lib\\layer.js:93:62)\n    at Function.route (D:\\MyDesktop\\E-commerce_Dashboard\\backend\\node_modules\\router\\index.js:428:17)\n    at Function.route (D:\\MyDesktop\\E-commerce_Dashboard\\backend\\node_modules\\express\\lib\\application.js:257:22)\n    at Function.all (D:\\MyDesktop\\E-commerce_Dashboard\\backend\\node_modules\\express\\lib\\application.js:495:20)\n    at Object.<anonymous> (D:\\MyDesktop\\E-commerce_Dashboard\\backend\\app.js:59:5)","timestamp":"2025-09-08 17:57:53"}
{"level":"error","message":"Uncaught Exception: Missing parameter name at index 1: *; visit https://git.new/pathToRegexpError for info Missing parameter name at index 1: *; visit https://git.new/pathToRegexpError for info","originalPath":"*","stack":"TypeError: Missing parameter name at index 1: *; visit https://git.new/pathToRegexpError for info\n    at name (D:\\MyDesktop\\E-commerce_Dashboard\\backend\\node_modules\\path-to-regexp\\dist\\index.js:96:19)\n    at parse (D:\\MyDesktop\\E-commerce_Dashboard\\backend\\node_modules\\path-to-regexp\\dist\\index.js:113:68)\n    at pathToRegexp (D:\\MyDesktop\\E-commerce_Dashboard\\backend\\node_modules\\path-to-regexp\\dist\\index.js:267:58)\n    at Object.match (D:\\MyDesktop\\E-commerce_Dashboard\\backend\\node_modules\\path-to-regexp\\dist\\index.js:237:30)\n    at matcher (D:\\MyDesktop\\E-commerce_Dashboard\\backend\\node_modules\\router\\lib\\layer.js:86:23)\n    at new Layer (D:\\MyDesktop\\E-commerce_Dashboard\\backend\\node_modules\\router\\lib\\layer.js:93:62)\n    at Function.route (D:\\MyDesktop\\E-commerce_Dashboard\\backend\\node_modules\\router\\index.js:428:17)\n    at Function.route (D:\\MyDesktop\\E-commerce_Dashboard\\backend\\node_modules\\express\\lib\\application.js:257:22)\n    at Function.all (D:\\MyDesktop\\E-commerce_Dashboard\\backend\\node_modules\\express\\lib\\application.js:495:20)\n    at Object.<anonymous> (D:\\MyDesktop\\E-commerce_Dashboard\\backend\\app.js:59:5)","timestamp":"2025-09-08 20:50:20"}
{"level":"error","message":"UNCAUGHT EXCEPTION! ðŸ’¥ Shutting down...","timestamp":"2025-09-08 20:50:20"}
{"level":"error","message":"Name: TypeError, Message: Missing parameter name at index 1: *; visit https://git.new/pathToRegexpError for info","timestamp":"2025-09-08 20:50:20"}
{"level":"error","message":"TypeError: Missing parameter name at index 1: *; visit https://git.new/pathToRegexpError for info\n    at name (D:\\MyDesktop\\E-commerce_Dashboard\\backend\\node_modules\\path-to-regexp\\dist\\index.js:96:19)\n    at parse (D:\\MyDesktop\\E-commerce_Dashboard\\backend\\node_modules\\path-to-regexp\\dist\\index.js:113:68)\n    at pathToRegexp (D:\\MyDesktop\\E-commerce_Dashboard\\backend\\node_modules\\path-to-regexp\\dist\\index.js:267:58)\n    at Object.match (D:\\MyDesktop\\E-commerce_Dashboard\\backend\\node_modules\\path-to-regexp\\dist\\index.js:237:30)\n    at matcher (D:\\MyDesktop\\E-commerce_Dashboard\\backend\\node_modules\\router\\lib\\layer.js:86:23)\n    at new Layer (D:\\MyDesktop\\E-commerce_Dashboard\\backend\\node_modules\\router\\lib\\layer.js:93:62)\n    at Function.route (D:\\MyDesktop\\E-commerce_Dashboard\\backend\\node_modules\\router\\index.js:428:17)\n    at Function.route (D:\\MyDesktop\\E-commerce_Dashboard\\backend\\node_modules\\express\\lib\\application.js:257:22)\n    at Function.all (D:\\MyDesktop\\E-commerce_Dashboard\\backend\\node_modules\\express\\lib\\application.js:495:20)\n    at Object.<anonymous> (D:\\MyDesktop\\E-commerce_Dashboard\\backend\\app.js:59:5)","timestamp":"2025-09-08 20:50:20"}
{"level":"error","message":"Uncaught Exception: Missing parameter name at index 1: *; visit https://git.new/pathToRegexpError for info Missing parameter name at index 1: *; visit https://git.new/pathToRegexpError for info","originalPath":"*","stack":"TypeError: Missing parameter name at index 1: *; visit https://git.new/pathToRegexpError for info\n    at name (D:\\MyDesktop\\E-commerce_Dashboard\\backend\\node_modules\\path-to-regexp\\dist\\index.js:96:19)\n    at parse (D:\\MyDesktop\\E-commerce_Dashboard\\backend\\node_modules\\path-to-regexp\\dist\\index.js:113:68)\n    at pathToRegexp (D:\\MyDesktop\\E-commerce_Dashboard\\backend\\node_modules\\path-to-regexp\\dist\\index.js:267:58)\n    at Object.match (D:\\MyDesktop\\E-commerce_Dashboard\\backend\\node_modules\\path-to-regexp\\dist\\index.js:237:30)\n    at matcher (D:\\MyDesktop\\E-commerce_Dashboard\\backend\\node_modules\\router\\lib\\layer.js:86:23)\n    at new Layer (D:\\MyDesktop\\E-commerce_Dashboard\\backend\\node_modules\\router\\lib\\layer.js:93:62)\n    at Function.route (D:\\MyDesktop\\E-commerce_Dashboard\\backend\\node_modules\\router\\index.js:428:17)\n    at Function.route (D:\\MyDesktop\\E-commerce_Dashboard\\backend\\node_modules\\express\\lib\\application.js:257:22)\n    at Function.all (D:\\MyDesktop\\E-commerce_Dashboard\\backend\\node_modules\\express\\lib\\application.js:495:20)\n    at Object.<anonymous> (D:\\MyDesktop\\E-commerce_Dashboard\\backend\\app.js:59:5)","timestamp":"2025-09-08 20:50:53"}
{"level":"error","message":"UNCAUGHT EXCEPTION! ðŸ’¥ Shutting down...","timestamp":"2025-09-08 20:50:53"}
{"level":"error","message":"Name: TypeError, Message: Missing parameter name at index 1: *; visit https://git.new/pathToRegexpError for info","timestamp":"2025-09-08 20:50:53"}
{"level":"error","message":"TypeError: Missing parameter name at index 1: *; visit https://git.new/pathToRegexpError for info\n    at name (D:\\MyDesktop\\E-commerce_Dashboard\\backend\\node_modules\\path-to-regexp\\dist\\index.js:96:19)\n    at parse (D:\\MyDesktop\\E-commerce_Dashboard\\backend\\node_modules\\path-to-regexp\\dist\\index.js:113:68)\n    at pathToRegexp (D:\\MyDesktop\\E-commerce_Dashboard\\backend\\node_modules\\path-to-regexp\\dist\\index.js:267:58)\n    at Object.match (D:\\MyDesktop\\E-commerce_Dashboard\\backend\\node_modules\\path-to-regexp\\dist\\index.js:237:30)\n    at matcher (D:\\MyDesktop\\E-commerce_Dashboard\\backend\\node_modules\\router\\lib\\layer.js:86:23)\n    at new Layer (D:\\MyDesktop\\E-commerce_Dashboard\\backend\\node_modules\\router\\lib\\layer.js:93:62)\n    at Function.route (D:\\MyDesktop\\E-commerce_Dashboard\\backend\\node_modules\\router\\index.js:428:17)\n    at Function.route (D:\\MyDesktop\\E-commerce_Dashboard\\backend\\node_modules\\express\\lib\\application.js:257:22)\n    at Function.all (D:\\MyDesktop\\E-commerce_Dashboard\\backend\\node_modules\\express\\lib\\application.js:495:20)\n    at Object.<anonymous> (D:\\MyDesktop\\E-commerce_Dashboard\\backend\\app.js:59:5)","timestamp":"2025-09-08 20:50:53"}
{"level":"error","message":"Uncaught Exception: Missing parameter name at index 2: /*; visit https://git.new/pathToRegexpError for info Missing parameter name at index 2: /*; visit https://git.new/pathToRegexpError for info","originalPath":"/*","stack":"TypeError: Missing parameter name at index 2: /*; visit https://git.new/pathToRegexpError for info\n    at name (D:\\MyDesktop\\E-commerce_Dashboard\\backend\\node_modules\\path-to-regexp\\dist\\index.js:96:19)\n    at parse (D:\\MyDesktop\\E-commerce_Dashboard\\backend\\node_modules\\path-to-regexp\\dist\\index.js:113:68)\n    at pathToRegexp (D:\\MyDesktop\\E-commerce_Dashboard\\backend\\node_modules\\path-to-regexp\\dist\\index.js:267:58)\n    at Object.match (D:\\MyDesktop\\E-commerce_Dashboard\\backend\\node_modules\\path-to-regexp\\dist\\index.js:237:30)\n    at matcher (D:\\MyDesktop\\E-commerce_Dashboard\\backend\\node_modules\\router\\lib\\layer.js:86:23)\n    at new Layer (D:\\MyDesktop\\E-commerce_Dashboard\\backend\\node_modules\\router\\lib\\layer.js:93:62)\n    at Function.route (D:\\MyDesktop\\E-commerce_Dashboard\\backend\\node_modules\\router\\index.js:428:17)\n    at Function.route (D:\\MyDesktop\\E-commerce_Dashboard\\backend\\node_modules\\express\\lib\\application.js:257:22)\n    at Function.all (D:\\MyDesktop\\E-commerce_Dashboard\\backend\\node_modules\\express\\lib\\application.js:495:20)\n    at Object.<anonymous> (D:\\MyDesktop\\E-commerce_Dashboard\\backend\\app.js:59:5)","timestamp":"2025-09-08 20:51:49"}
{"level":"error","message":"UNCAUGHT EXCEPTION! ðŸ’¥ Shutting down...","timestamp":"2025-09-08 20:51:49"}
{"level":"error","message":"Name: TypeError, Message: Missing parameter name at index 2: /*; visit https://git.new/pathToRegexpError for info","timestamp":"2025-09-08 20:51:49"}
{"level":"error","message":"TypeError: Missing parameter name at index 2: /*; visit https://git.new/pathToRegexpError for info\n    at name (D:\\MyDesktop\\E-commerce_Dashboard\\backend\\node_modules\\path-to-regexp\\dist\\index.js:96:19)\n    at parse (D:\\MyDesktop\\E-commerce_Dashboard\\backend\\node_modules\\path-to-regexp\\dist\\index.js:113:68)\n    at pathToRegexp (D:\\MyDesktop\\E-commerce_Dashboard\\backend\\node_modules\\path-to-regexp\\dist\\index.js:267:58)\n    at Object.match (D:\\MyDesktop\\E-commerce_Dashboard\\backend\\node_modules\\path-to-regexp\\dist\\index.js:237:30)\n    at matcher (D:\\MyDesktop\\E-commerce_Dashboard\\backend\\node_modules\\router\\lib\\layer.js:86:23)\n    at new Layer (D:\\MyDesktop\\E-commerce_Dashboard\\backend\\node_modules\\router\\lib\\layer.js:93:62)\n    at Function.route (D:\\MyDesktop\\E-commerce_Dashboard\\backend\\node_modules\\router\\index.js:428:17)\n    at Function.route (D:\\MyDesktop\\E-commerce_Dashboard\\backend\\node_modules\\express\\lib\\application.js:257:22)\n    at Function.all (D:\\MyDesktop\\E-commerce_Dashboard\\backend\\node_modules\\express\\lib\\application.js:495:20)\n    at Object.<anonymous> (D:\\MyDesktop\\E-commerce_Dashboard\\backend\\app.js:59:5)","timestamp":"2025-09-08 20:51:49"}
{"level":"error","message":"Uncaught Exception: Missing parameter name at index 1: *; visit https://git.new/pathToRegexpError for info Missing parameter name at index 1: *; visit https://git.new/pathToRegexpError for info","originalPath":"*","stack":"TypeError: Missing parameter name at index 1: *; visit https://git.new/pathToRegexpError for info\n    at name (D:\\MyDesktop\\E-commerce_Dashboard\\backend\\node_modules\\path-to-regexp\\dist\\index.js:96:19)\n    at parse (D:\\MyDesktop\\E-commerce_Dashboard\\backend\\node_modules\\path-to-regexp\\dist\\index.js:113:68)\n    at pathToRegexp (D:\\MyDesktop\\E-commerce_Dashboard\\backend\\node_modules\\path-to-regexp\\dist\\index.js:267:58)\n    at Object.match (D:\\MyDesktop\\E-commerce_Dashboard\\backend\\node_modules\\path-to-regexp\\dist\\index.js:237:30)\n    at matcher (D:\\MyDesktop\\E-commerce_Dashboard\\backend\\node_modules\\router\\lib\\layer.js:86:23)\n    at new Layer (D:\\MyDesktop\\E-commerce_Dashboard\\backend\\node_modules\\router\\lib\\layer.js:93:62)\n    at Function.route (D:\\MyDesktop\\E-commerce_Dashboard\\backend\\node_modules\\router\\index.js:428:17)\n    at Function.route (D:\\MyDesktop\\E-commerce_Dashboard\\backend\\node_modules\\express\\lib\\application.js:257:22)\n    at Function.all (D:\\MyDesktop\\E-commerce_Dashboard\\backend\\node_modules\\express\\lib\\application.js:495:20)\n    at Object.<anonymous> (D:\\MyDesktop\\E-commerce_Dashboard\\backend\\app.js:59:5)","timestamp":"2025-09-08 20:52:53"}
{"level":"error","message":"UNCAUGHT EXCEPTION! ðŸ’¥ Shutting down...","timestamp":"2025-09-08 20:52:53"}
{"level":"error","message":"Name: TypeError, Message: Missing parameter name at index 1: *; visit https://git.new/pathToRegexpError for info","timestamp":"2025-09-08 20:52:53"}
{"level":"error","message":"TypeError: Missing parameter name at index 1: *; visit https://git.new/pathToRegexpError for info\n    at name (D:\\MyDesktop\\E-commerce_Dashboard\\backend\\node_modules\\path-to-regexp\\dist\\index.js:96:19)\n    at parse (D:\\MyDesktop\\E-commerce_Dashboard\\backend\\node_modules\\path-to-regexp\\dist\\index.js:113:68)\n    at pathToRegexp (D:\\MyDesktop\\E-commerce_Dashboard\\backend\\node_modules\\path-to-regexp\\dist\\index.js:267:58)\n    at Object.match (D:\\MyDesktop\\E-commerce_Dashboard\\backend\\node_modules\\path-to-regexp\\dist\\index.js:237:30)\n    at matcher (D:\\MyDesktop\\E-commerce_Dashboard\\backend\\node_modules\\router\\lib\\layer.js:86:23)\n    at new Layer (D:\\MyDesktop\\E-commerce_Dashboard\\backend\\node_modules\\router\\lib\\layer.js:93:62)\n    at Function.route (D:\\MyDesktop\\E-commerce_Dashboard\\backend\\node_modules\\router\\index.js:428:17)\n    at Function.route (D:\\MyDesktop\\E-commerce_Dashboard\\backend\\node_modules\\express\\lib\\application.js:257:22)\n    at Function.all (D:\\MyDesktop\\E-commerce_Dashboard\\backend\\node_modules\\express\\lib\\application.js:495:20)\n    at Object.<anonymous> (D:\\MyDesktop\\E-commerce_Dashboard\\backend\\app.js:59:5)","timestamp":"2025-09-08 20:52:53"}
{"level":"error","message":"Uncaught Exception: Missing parameter name at index 4: /(.*); visit https://git.new/pathToRegexpError for info Missing parameter name at index 4: /(.*); visit https://git.new/pathToRegexpError for info","originalPath":"/(.*)","stack":"TypeError: Missing parameter name at index 4: /(.*); visit https://git.new/pathToRegexpError for info\n    at name (D:\\MyDesktop\\E-commerce_Dashboard\\backend\\node_modules\\path-to-regexp\\dist\\index.js:96:19)\n    at parse (D:\\MyDesktop\\E-commerce_Dashboard\\backend\\node_modules\\path-to-regexp\\dist\\index.js:113:68)\n    at pathToRegexp (D:\\MyDesktop\\E-commerce_Dashboard\\backend\\node_modules\\path-to-regexp\\dist\\index.js:267:58)\n    at Object.match (D:\\MyDesktop\\E-commerce_Dashboard\\backend\\node_modules\\path-to-regexp\\dist\\index.js:237:30)\n    at matcher (D:\\MyDesktop\\E-commerce_Dashboard\\backend\\node_modules\\router\\lib\\layer.js:86:23)\n    at new Layer (D:\\MyDesktop\\E-commerce_Dashboard\\backend\\node_modules\\router\\lib\\layer.js:93:62)\n    at Function.route (D:\\MyDesktop\\E-commerce_Dashboard\\backend\\node_modules\\router\\index.js:428:17)\n    at Function.route (D:\\MyDesktop\\E-commerce_Dashboard\\backend\\node_modules\\express\\lib\\application.js:257:22)\n    at Function.all (D:\\MyDesktop\\E-commerce_Dashboard\\backend\\node_modules\\express\\lib\\application.js:495:20)\n    at Object.<anonymous> (D:\\MyDesktop\\E-commerce_Dashboard\\backend\\app.js:59:5)","timestamp":"2025-09-08 20:54:12"}
{"level":"error","message":"UNCAUGHT EXCEPTION! ðŸ’¥ Shutting down...","timestamp":"2025-09-08 20:54:12"}
{"level":"error","message":"Name: TypeError, Message: Missing parameter name at index 4: /(.*); visit https://git.new/pathToRegexpError for info","timestamp":"2025-09-08 20:54:12"}
{"level":"error","message":"TypeError: Missing parameter name at index 4: /(.*); visit https://git.new/pathToRegexpError for info\n    at name (D:\\MyDesktop\\E-commerce_Dashboard\\backend\\node_modules\\path-to-regexp\\dist\\index.js:96:19)\n    at parse (D:\\MyDesktop\\E-commerce_Dashboard\\backend\\node_modules\\path-to-regexp\\dist\\index.js:113:68)\n    at pathToRegexp (D:\\MyDesktop\\E-commerce_Dashboard\\backend\\node_modules\\path-to-regexp\\dist\\index.js:267:58)\n    at Object.match (D:\\MyDesktop\\E-commerce_Dashboard\\backend\\node_modules\\path-to-regexp\\dist\\index.js:237:30)\n    at matcher (D:\\MyDesktop\\E-commerce_Dashboard\\backend\\node_modules\\router\\lib\\layer.js:86:23)\n    at new Layer (D:\\MyDesktop\\E-commerce_Dashboard\\backend\\node_modules\\router\\lib\\layer.js:93:62)\n    at Function.route (D:\\MyDesktop\\E-commerce_Dashboard\\backend\\node_modules\\router\\index.js:428:17)\n    at Function.route (D:\\MyDesktop\\E-commerce_Dashboard\\backend\\node_modules\\express\\lib\\application.js:257:22)\n    at Function.all (D:\\MyDesktop\\E-commerce_Dashboard\\backend\\node_modules\\express\\lib\\application.js:495:20)\n    at Object.<anonymous> (D:\\MyDesktop\\E-commerce_Dashboard\\backend\\app.js:59:5)","timestamp":"2025-09-08 20:54:12"}
{"level":"error","message":"Uncaught Exception: missing ) after argument list missing ) after argument list","stack":"D:\\MyDesktop\\E-commerce_Dashboard\\backend\\models\\Product.js:62\n  }\n  ^\n\nSyntaxError: missing ) after argument list\n    at wrapSafe (node:internal/modules/cjs/loader:1662:18)\n    at Module._compile (node:internal/modules/cjs/loader:1704:20)\n    at Object..js (node:internal/modules/cjs/loader:1895:10)\n    at Module.load (node:internal/modules/cjs/loader:1465:32)\n    at Function._load (node:internal/modules/cjs/loader:1282:12)\n    at TracingChannel.traceSync (node:diagnostics_channel:322:14)\n    at wrapModuleLoad (node:internal/modules/cjs/loader:235:24)\n    at Module.require (node:internal/modules/cjs/loader:1487:12)\n    at require (node:internal/modules/helpers:135:16)\n    at Object.<anonymous> (D:\\MyDesktop\\E-commerce_Dashboard\\backend\\controllers\\productController.js:1:17)","timestamp":"2025-09-08 21:54:53"}
{"level":"error","message":"UNCAUGHT EXCEPTION! ðŸ’¥ Shutting down...","timestamp":"2025-09-08 21:54:53"}
{"level":"error","message":"Name: SyntaxError, Message: missing ) after argument list","timestamp":"2025-09-08 21:54:53"}
{"level":"error","message":"D:\\MyDesktop\\E-commerce_Dashboard\\backend\\models\\Product.js:62\n  }\n  ^\n\nSyntaxError: missing ) after argument list\n    at wrapSafe (node:internal/modules/cjs/loader:1662:18)\n    at Module._compile (node:internal/modules/cjs/loader:1704:20)\n    at Object..js (node:internal/modules/cjs/loader:1895:10)\n    at Module.load (node:internal/modules/cjs/loader:1465:32)\n    at Function._load (node:internal/modules/cjs/loader:1282:12)\n    at TracingChannel.traceSync (node:diagnostics_channel:322:14)\n    at wrapModuleLoad (node:internal/modules/cjs/loader:235:24)\n    at Module.require (node:internal/modules/cjs/loader:1487:12)\n    at require (node:internal/modules/helpers:135:16)\n    at Object.<anonymous> (D:\\MyDesktop\\E-commerce_Dashboard\\backend\\controllers\\productController.js:1:17)","timestamp":"2025-09-08 21:54:53"}
{"level":"error","message":"âŒ MongoDB connection failed:","timestamp":"2025-09-10 01:51:24"}
{"level":"error","message":"âŒ MongoDB connection failed:","timestamp":"2025-09-10 01:51:34"}
{"level":"error","message":"âŒ MongoDB connection failed:","timestamp":"2025-09-10 01:51:44"}
{"level":"error","message":"âŒ MongoDB connection failed:","timestamp":"2025-09-10 01:51:54"}
{"level":"error","message":"âŒ MongoDB connection failed:","timestamp":"2025-09-10 01:52:07"}
{"level":"error","message":"âŒ MongoDB connection failed:","timestamp":"2025-09-10 01:52:18"}
{"level":"error","message":"âŒ MongoDB connection failed:","timestamp":"2025-09-10 01:52:34"}
{"level":"error","message":"âŒ MongoDB connection failed:","timestamp":"2025-09-10 01:52:44"}
{"level":"error","message":"âŒ MongoDB connection failed:","timestamp":"2025-09-10 01:52:54"}
{"level":"error","message":"âŒ MongoDB connection failed:","timestamp":"2025-09-10 01:53:04"}
{"level":"error","message":"âŒ MongoDB connection failed:","timestamp":"2025-09-10 01:55:25"}
{"level":"error","message":"âŒ MongoDB connection failed:","timestamp":"2025-09-10 01:55:35"}
{"level":"error","message":"âŒ MongoDB connection failed:","timestamp":"2025-09-10 01:55:45"}
{"level":"error","message":"âŒ MongoDB connection failed:","timestamp":"2025-09-10 01:55:55"}
{"level":"error","message":"âŒ MongoDB connection failed:","timestamp":"2025-09-10 01:56:05"}
{"level":"error","message":"âŒ MongoDB connection failed:","timestamp":"2025-09-10 01:56:15"}
{"level":"error","message":"âŒ MongoDB connection failed:","timestamp":"2025-09-10 01:56:25"}
{"level":"error","message":"âŒ MongoDB connection failed:","timestamp":"2025-09-10 01:56:35"}
{"level":"error","message":"âŒ MongoDB connection failed:","timestamp":"2025-09-10 01:56:45"}
{"level":"error","message":"âŒ MongoDB connection failed:","timestamp":"2025-09-10 01:56:55"}
{"level":"error","message":"âŒ MongoDB connection failed:","timestamp":"2025-09-10 01:57:05"}
{"level":"error","message":"âŒ MongoDB connection failed:","timestamp":"2025-09-10 01:57:15"}
{"level":"error","message":"âŒ MongoDB connection failed:","timestamp":"2025-09-10 01:57:25"}
{"level":"error","message":"âŒ MongoDB connection failed:","timestamp":"2025-09-10 01:57:35"}
{"level":"error","message":"âŒ MongoDB connection failed:","timestamp":"2025-09-10 01:57:45"}
{"level":"error","message":"âŒ MongoDB connection failed:","timestamp":"2025-09-10 01:57:55"}
{"level":"error","message":"âŒ MongoDB connection failed:","timestamp":"2025-09-10 01:58:05"}
{"level":"error","message":"âŒ MongoDB connection failed:","timestamp":"2025-09-10 01:58:21"}
{"level":"error","message":"Connection string used:","timestamp":"2025-09-10 01:58:21"}
{"level":"error","message":"âŒ MongoDB connection failed:","timestamp":"2025-09-10 01:58:31"}
{"level":"error","message":"Connection string used:","timestamp":"2025-09-10 01:58:31"}
{"level":"error","message":"âŒ MongoDB connection failed:","timestamp":"2025-09-10 01:58:41"}
{"level":"error","message":"Connection string used:","timestamp":"2025-09-10 01:58:41"}
{"level":"error","message":"âŒ MongoDB connection failed:","timestamp":"2025-09-10 01:58:51"}
{"level":"error","message":"Connection string used:","timestamp":"2025-09-10 01:58:51"}
{"level":"error","message":"âŒ MongoDB connection failed:","timestamp":"2025-09-10 01:59:04"}
{"level":"error","message":"Connection string used:","timestamp":"2025-09-10 01:59:04"}
{"level":"error","message":"âŒ MongoDB connection failed:","timestamp":"2025-09-10 01:59:21"}
{"level":"error","message":"âŒ MongoDB connection failed:","timestamp":"2025-09-10 01:59:31"}
{"level":"error","message":"âŒ MongoDB connection failed:","timestamp":"2025-09-10 01:59:41"}
{"level":"error","message":"âŒ MongoDB connection failed:","timestamp":"2025-09-10 01:59:51"}
{"level":"error","message":"âŒ MongoDB connection failed:","timestamp":"2025-09-10 02:00:01"}
{"level":"error","message":"âŒ MongoDB connection failed:","timestamp":"2025-09-10 02:00:11"}
{"level":"error","message":"âŒ MongoDB connection failed:","timestamp":"2025-09-10 02:00:30"}
{"level":"error","message":"âŒ MongoDB connection failed:","timestamp":"2025-09-10 02:00:40"}
{"level":"error","message":"âŒ MongoDB connection failed:","timestamp":"2025-09-10 02:00:50"}
{"level":"error","message":"âŒ MongoDB connection failed:","timestamp":"2025-09-10 02:01:00"}
{"level":"error","message":"âŒ MongoDB connection failed:","timestamp":"2025-09-10 02:01:20"}
{"level":"error","message":"âŒ MongoDB connection failed:","timestamp":"2025-09-10 02:01:30"}
{"level":"error","message":"âŒ MongoDB connection failed:","timestamp":"2025-09-10 02:01:40"}
{"level":"error","message":"âŒ MongoDB connection failed:","timestamp":"2025-09-10 02:01:50"}
{"level":"error","message":"âŒ MongoDB connection failed:","timestamp":"2025-09-10 02:02:00"}
{"level":"error","message":"Uncaught Exception: missing ) after argument list missing ) after argument list","stack":"C:\\Users\\samer\\OneDrive\\Desktop\\E-commerce_Dashboard\\backend\\controllers\\cartController.js:72\n        }\n        ^\n\nSyntaxError: missing ) after argument list\n    at wrapSafe (node:internal/modules/cjs/loader:1512:18)\n    at Module._compile (node:internal/modules/cjs/loader:1534:20)\n    at Object..js (node:internal/modules/cjs/loader:1699:10)\n    at Module.load (node:internal/modules/cjs/loader:1313:32)\n    at Function._load (node:internal/modules/cjs/loader:1123:12)\n    at TracingChannel.traceSync (node:diagnostics_channel:322:14)\n    at wrapModuleLoad (node:internal/modules/cjs/loader:217:24)\n    at Module.require (node:internal/modules/cjs/loader:1335:12)\n    at require (node:internal/modules/helpers:136:16)\n    at Object.<anonymous> (C:\\Users\\samer\\OneDrive\\Desktop\\E-commerce_Dashboard\\backend\\routes\\cartRoutes.js:2:24)","timestamp":"2025-09-10 02:50:35"}
{"level":"error","message":"UNCAUGHT EXCEPTION! ðŸ’¥ Shutting down...","timestamp":"2025-09-10 02:50:35"}
{"level":"error","message":"Name: SyntaxError, Message: missing ) after argument list","timestamp":"2025-09-10 02:50:35"}
{"level":"error","message":"C:\\Users\\samer\\OneDrive\\Desktop\\E-commerce_Dashboard\\backend\\controllers\\cartController.js:72\n        }\n        ^\n\nSyntaxError: missing ) after argument list\n    at wrapSafe (node:internal/modules/cjs/loader:1512:18)\n    at Module._compile (node:internal/modules/cjs/loader:1534:20)\n    at Object..js (node:internal/modules/cjs/loader:1699:10)\n    at Module.load (node:internal/modules/cjs/loader:1313:32)\n    at Function._load (node:internal/modules/cjs/loader:1123:12)\n    at TracingChannel.traceSync (node:diagnostics_channel:322:14)\n    at wrapModuleLoad (node:internal/modules/cjs/loader:217:24)\n    at Module.require (node:internal/modules/cjs/loader:1335:12)\n    at require (node:internal/modules/helpers:136:16)\n    at Object.<anonymous> (C:\\Users\\samer\\OneDrive\\Desktop\\E-commerce_Dashboard\\backend\\routes\\cartRoutes.js:2:24)","timestamp":"2025-09-10 02:50:35"}
{"level":"error","message":"Uncaught Exception: Unexpected token '}' Unexpected token '}'","stack":"C:\\Users\\samer\\OneDrive\\Desktop\\E-commerce_Dashboard\\backend\\models\\Cart.js:250\n        })));\n        ^\n\nSyntaxError: Unexpected token '}'\n    at wrapSafe (node:internal/modules/cjs/loader:1512:18)\n    at Module._compile (node:internal/modules/cjs/loader:1534:20)\n    at Object..js (node:internal/modules/cjs/loader:1699:10)\n    at Module.load (node:internal/modules/cjs/loader:1313:32)\n    at Function._load (node:internal/modules/cjs/loader:1123:12)\n    at TracingChannel.traceSync (node:diagnostics_channel:322:14)\n    at wrapModuleLoad (node:internal/modules/cjs/loader:217:24)\n    at Module.require (node:internal/modules/cjs/loader:1335:12)\n    at require (node:internal/modules/helpers:136:16)\n    at Object.<anonymous> (C:\\Users\\samer\\OneDrive\\Desktop\\E-commerce_Dashboard\\backend\\controllers\\orderController.js:8:14)","timestamp":"2025-09-10 03:07:09"}
{"level":"error","message":"UNCAUGHT EXCEPTION! ðŸ’¥ Shutting down...","timestamp":"2025-09-10 03:07:09"}
{"level":"error","message":"Name: SyntaxError, Message: Unexpected token '}'","timestamp":"2025-09-10 03:07:09"}
{"level":"error","message":"C:\\Users\\samer\\OneDrive\\Desktop\\E-commerce_Dashboard\\backend\\models\\Cart.js:250\n        })));\n        ^\n\nSyntaxError: Unexpected token '}'\n    at wrapSafe (node:internal/modules/cjs/loader:1512:18)\n    at Module._compile (node:internal/modules/cjs/loader:1534:20)\n    at Object..js (node:internal/modules/cjs/loader:1699:10)\n    at Module.load (node:internal/modules/cjs/loader:1313:32)\n    at Function._load (node:internal/modules/cjs/loader:1123:12)\n    at TracingChannel.traceSync (node:diagnostics_channel:322:14)\n    at wrapModuleLoad (node:internal/modules/cjs/loader:217:24)\n    at Module.require (node:internal/modules/cjs/loader:1335:12)\n    at require (node:internal/modules/helpers:136:16)\n    at Object.<anonymous> (C:\\Users\\samer\\OneDrive\\Desktop\\E-commerce_Dashboard\\backend\\controllers\\orderController.js:8:14)","timestamp":"2025-09-10 03:07:09"}
{"level":"error","message":"âŒ MongoDB connection failed:","timestamp":"2025-09-11 21:24:32"}
{"level":"error","message":"âŒ MongoDB connection failed:","timestamp":"2025-09-11 21:24:42"}
{"level":"error","message":"âŒ MongoDB connection failed:","timestamp":"2025-09-11 21:24:52"}
{"level":"error","message":"âŒ MongoDB connection failed:","timestamp":"2025-09-11 21:25:02"}
{"level":"error","message":"âŒ MongoDB connection failed:","timestamp":"2025-09-11 21:25:12"}
{"level":"error","message":"âŒ MongoDB connection failed:","timestamp":"2025-09-11 21:25:22"}
{"level":"error","message":"âŒ MongoDB connection failed:","timestamp":"2025-09-11 21:25:32"}
{"level":"error","message":"âŒ MongoDB connection failed:","timestamp":"2025-09-11 21:25:42"}
{"level":"error","message":"âŒ MongoDB connection failed:","timestamp":"2025-09-11 21:25:52"}
{"level":"error","message":"âŒ MongoDB connection failed:","timestamp":"2025-09-11 21:26:02"}
{"level":"error","message":"âŒ MongoDB connection failed:","timestamp":"2025-09-11 21:26:12"}
{"level":"error","message":"âŒ MongoDB connection failed:","timestamp":"2025-09-11 21:26:22"}
{"level":"error","message":"âŒ MongoDB connection failed:","timestamp":"2025-09-11 21:26:32"}
{"level":"error","message":"âŒ MongoDB connection failed:","timestamp":"2025-09-11 21:26:42"}
{"level":"error","message":"âŒ MongoDB connection failed:","timestamp":"2025-09-11 21:26:52"}
{"level":"error","message":"âŒ MongoDB connection failed:","timestamp":"2025-09-11 21:27:02"}
{"level":"error","message":"âŒ MongoDB connection failed:","timestamp":"2025-09-11 21:27:12"}
{"level":"error","message":"âŒ MongoDB connection failed:","timestamp":"2025-09-11 21:27:22"}
{"level":"error","message":"âŒ MongoDB connection failed:","timestamp":"2025-09-11 21:27:49"}
{"level":"error","message":"âŒ MongoDB connection failed:","timestamp":"2025-09-11 21:27:59"}
{"level":"error","message":"âŒ MongoDB connection failed:","timestamp":"2025-09-11 21:28:27"}
{"level":"error","message":"âŒ MongoDB connection failed:","timestamp":"2025-09-11 21:28:37"}
{"level":"error","message":"âŒ MongoDB connection failed:","timestamp":"2025-09-11 21:28:47"}
{"level":"error","message":"âŒ MongoDB connection failed:","timestamp":"2025-09-11 21:28:57"}
{"level":"error","message":"âŒ MongoDB connection failed:","timestamp":"2025-09-11 21:29:07"}
{"level":"error","message":"âŒ MongoDB connection failed:","timestamp":"2025-09-11 21:29:17"}
{"level":"error","message":"âŒ MongoDB connection failed:","timestamp":"2025-09-11 21:29:22"}
{"level":"error","message":"âŒ MongoDB connection failed:","timestamp":"2025-09-11 21:29:27"}
{"level":"error","message":"âŒ MongoDB connection failed:","timestamp":"2025-09-11 21:29:32"}
{"level":"error","message":"âŒ MongoDB connection failed:","timestamp":"2025-09-11 21:29:46"}
{"level":"error","message":"âŒ MongoDB connection failed:","timestamp":"2025-09-11 21:29:56"}
{"level":"error","message":"âŒ MongoDB connection failed:","timestamp":"2025-09-11 21:30:06"}
{"level":"error","message":"âŒ MongoDB connection failed:","timestamp":"2025-09-11 21:30:16"}
{"level":"error","message":"âŒ MongoDB connection failed:","timestamp":"2025-09-11 21:30:26"}
{"level":"error","message":"âŒ MongoDB connection failed:","timestamp":"2025-09-11 21:30:36"}
{"level":"error","message":"âŒ MongoDB connection failed:","timestamp":"2025-09-11 21:30:46"}
{"level":"error","message":"âŒ MongoDB connection failed:","timestamp":"2025-09-11 21:30:56"}
{"level":"error","message":"âŒ MongoDB connection failed:","timestamp":"2025-09-11 21:31:06"}
{"level":"error","message":"âŒ MongoDB connection failed:","timestamp":"2025-09-11 21:31:21"}
{"level":"error","message":"âŒ MongoDB connection failed:","timestamp":"2025-09-11 21:31:31"}
{"level":"error","message":"âŒ MongoDB connection failed:","timestamp":"2025-09-11 21:31:41"}
{"level":"error","message":"âŒ MongoDB connection failed:","timestamp":"2025-09-11 21:31:51"}
{"level":"error","message":"âŒ MongoDB connection failed:","timestamp":"2025-09-11 21:32:01"}
{"level":"error","message":"âŒ MongoDB connection failed:","timestamp":"2025-09-11 21:32:11"}
{"level":"error","message":"âŒ MongoDB connection failed:","timestamp":"2025-09-11 21:32:24"}
{"level":"error","message":"âŒ MongoDB connection failed:","timestamp":"2025-09-11 21:32:34"}
{"level":"error","message":"âŒ MongoDB connection failed:","timestamp":"2025-09-11 21:32:44"}
{"level":"error","message":"âŒ MongoDB connection failed:","timestamp":"2025-09-11 21:32:54"}
{"level":"error","message":"âŒ MongoDB connection failed:","timestamp":"2025-09-11 21:33:04"}
{"level":"error","message":"âŒ MongoDB connection failed:","timestamp":"2025-09-11 21:33:14"}
{"level":"error","message":"Uncaught Exception: argument handler must be a function argument handler must be a function","stack":"TypeError: argument handler must be a function\n    at Route.<computed> [as get] (C:\\Users\\samer\\OneDrive\\Desktop\\E-commerce_Dashboard\\backend\\node_modules\\router\\lib\\route.js:228:15)\n    at Object.<anonymous> (C:\\Users\\samer\\OneDrive\\Desktop\\E-commerce_Dashboard\\backend\\routes\\cartRoutes.js:29:4)\n    at Module._compile (node:internal/modules/cjs/loader:1562:14)\n    at Object..js (node:internal/modules/cjs/loader:1699:10)\n    at Module.load (node:internal/modules/cjs/loader:1313:32)\n    at Function._load (node:internal/modules/cjs/loader:1123:12)\n    at TracingChannel.traceSync (node:diagnostics_channel:322:14)\n    at wrapModuleLoad (node:internal/modules/cjs/loader:217:24)\n    at Module.require (node:internal/modules/cjs/loader:1335:12)\n    at require (node:internal/modules/helpers:136:16)","timestamp":"2025-09-11 21:47:28"}
{"level":"error","message":"UNCAUGHT EXCEPTION! ðŸ’¥ Shutting down...","timestamp":"2025-09-11 21:47:28"}
{"level":"error","message":"Name: TypeError, Message: argument handler must be a function","timestamp":"2025-09-11 21:47:28"}
{"level":"error","message":"TypeError: argument handler must be a function\n    at Route.<computed> [as get] (C:\\Users\\samer\\OneDrive\\Desktop\\E-commerce_Dashboard\\backend\\node_modules\\router\\lib\\route.js:228:15)\n    at Object.<anonymous> (C:\\Users\\samer\\OneDrive\\Desktop\\E-commerce_Dashboard\\backend\\routes\\cartRoutes.js:29:4)\n    at Module._compile (node:internal/modules/cjs/loader:1562:14)\n    at Object..js (node:internal/modules/cjs/loader:1699:10)\n    at Module.load (node:internal/modules/cjs/loader:1313:32)\n    at Function._load (node:internal/modules/cjs/loader:1123:12)\n    at TracingChannel.traceSync (node:diagnostics_channel:322:14)\n    at wrapModuleLoad (node:internal/modules/cjs/loader:217:24)\n    at Module.require (node:internal/modules/cjs/loader:1335:12)\n    at require (node:internal/modules/helpers:136:16)","timestamp":"2025-09-11 21:47:28"}
{"level":"error","message":"Uncaught Exception: argument handler must be a function argument handler must be a function","stack":"TypeError: argument handler must be a function\n    at Route.<computed> [as delete] (C:\\Users\\samer\\OneDrive\\Desktop\\E-commerce_Dashboard\\backend\\node_modules\\router\\lib\\route.js:228:15)\n    at Object.<anonymous> (C:\\Users\\samer\\OneDrive\\Desktop\\E-commerce_Dashboard\\backend\\routes\\cartRoutes.js:31:10)\n    at Module._compile (node:internal/modules/cjs/loader:1562:14)\n    at Object..js (node:internal/modules/cjs/loader:1699:10)\n    at Module.load (node:internal/modules/cjs/loader:1313:32)\n    at Function._load (node:internal/modules/cjs/loader:1123:12)\n    at TracingChannel.traceSync (node:diagnostics_channel:322:14)\n    at wrapModuleLoad (node:internal/modules/cjs/loader:217:24)\n    at Module.require (node:internal/modules/cjs/loader:1335:12)\n    at require (node:internal/modules/helpers:136:16)","timestamp":"2025-09-11 22:03:41"}
{"level":"error","message":"UNCAUGHT EXCEPTION! ðŸ’¥ Shutting down...","timestamp":"2025-09-11 22:03:41"}
{"level":"error","message":"Name: TypeError, Message: argument handler must be a function","timestamp":"2025-09-11 22:03:41"}
{"level":"error","message":"TypeError: argument handler must be a function\n    at Route.<computed> [as delete] (C:\\Users\\samer\\OneDrive\\Desktop\\E-commerce_Dashboard\\backend\\node_modules\\router\\lib\\route.js:228:15)\n    at Object.<anonymous> (C:\\Users\\samer\\OneDrive\\Desktop\\E-commerce_Dashboard\\backend\\routes\\cartRoutes.js:31:10)\n    at Module._compile (node:internal/modules/cjs/loader:1562:14)\n    at Object..js (node:internal/modules/cjs/loader:1699:10)\n    at Module.load (node:internal/modules/cjs/loader:1313:32)\n    at Function._load (node:internal/modules/cjs/loader:1123:12)\n    at TracingChannel.traceSync (node:diagnostics_channel:322:14)\n    at wrapModuleLoad (node:internal/modules/cjs/loader:217:24)\n    at Module.require (node:internal/modules/cjs/loader:1335:12)\n    at require (node:internal/modules/helpers:136:16)","timestamp":"2025-09-11 22:03:41"}
{"level":"error","message":"Uncaught Exception: Invalid or unexpected token Invalid or unexpected token","stack":"C:\\Users\\samer\\OneDrive\\Desktop\\E-commerce_Dashboard\\backend\\models\\Cart.js:327\n        /*\n\nSyntaxError: Invalid or unexpected token\n    at wrapSafe (node:internal/modules/cjs/loader:1512:18)\n    at Module._compile (node:internal/modules/cjs/loader:1534:20)\n    at Object..js (node:internal/modules/cjs/loader:1699:10)\n    at Module.load (node:internal/modules/cjs/loader:1313:32)\n    at Function._load (node:internal/modules/cjs/loader:1123:12)\n    at TracingChannel.traceSync (node:diagnostics_channel:322:14)\n    at wrapModuleLoad (node:internal/modules/cjs/loader:217:24)\n    at Module.require (node:internal/modules/cjs/loader:1335:12)\n    at require (node:internal/modules/helpers:136:16)\n    at Object.<anonymous> (C:\\Users\\samer\\OneDrive\\Desktop\\E-commerce_Dashboard\\backend\\controllers\\orderController.js:8:14)","timestamp":"2025-09-11 22:52:42"}
{"level":"error","message":"UNCAUGHT EXCEPTION! ðŸ’¥ Shutting down...","timestamp":"2025-09-11 22:52:42"}
{"level":"error","message":"Name: SyntaxError, Message: Invalid or unexpected token","timestamp":"2025-09-11 22:52:42"}
{"level":"error","message":"C:\\Users\\samer\\OneDrive\\Desktop\\E-commerce_Dashboard\\backend\\models\\Cart.js:327\n        /*\n\nSyntaxError: Invalid or unexpected token\n    at wrapSafe (node:internal/modules/cjs/loader:1512:18)\n    at Module._compile (node:internal/modules/cjs/loader:1534:20)\n    at Object..js (node:internal/modules/cjs/loader:1699:10)\n    at Module.load (node:internal/modules/cjs/loader:1313:32)\n    at Function._load (node:internal/modules/cjs/loader:1123:12)\n    at TracingChannel.traceSync (node:diagnostics_channel:322:14)\n    at wrapModuleLoad (node:internal/modules/cjs/loader:217:24)\n    at Module.require (node:internal/modules/cjs/loader:1335:12)\n    at require (node:internal/modules/helpers:136:16)\n    at Object.<anonymous> (C:\\Users\\samer\\OneDrive\\Desktop\\E-commerce_Dashboard\\backend\\controllers\\orderController.js:8:14)","timestamp":"2025-09-11 22:52:42"}
{"level":"error","message":"âŒ MongoDB connection failed:","timestamp":"2025-09-22 09:50:17"}
{"level":"error","message":"âŒ MongoDB connection failed:","timestamp":"2025-09-22 09:52:05"}
{"level":"error","message":"âŒ MongoDB connection failed:","timestamp":"2025-09-22 09:53:01"}
{"level":"error","message":"âŒ MongoDB connection failed:","timestamp":"2025-09-22 09:53:58"}
{"level":"error","message":"âŒ MongoDB connection failed:","timestamp":"2025-09-22 09:55:15"}
{"level":"error","message":"âŒ MongoDB connection failed:","timestamp":"2025-09-22 09:56:24"}
{"level":"error","message":"âŒ MongoDB connection failed:","timestamp":"2025-09-22 09:58:34"}
{"level":"error","message":"âŒ MongoDB connection failed:","timestamp":"2025-09-22 09:59:31"}
{"level":"error","message":"âŒ MongoDB connection failed:","timestamp":"2025-09-22 10:00:25"}
{"level":"error","message":"âŒ MongoDB connection failed:","timestamp":"2025-09-22 10:01:26"}
{"level":"error","message":"âŒ MongoDB connection failed:","timestamp":"2025-09-22 10:03:23"}
